<?xml version="1.0" encoding="UTF-8"?>
<TestRun id="4b96a28b-112d-488d-9914-b2f10dcd5f89" name="m.rap@ALRAZI 2012-06-10 15:59:22" runUser="ALRAZI\m.rap" xmlns="http://microsoft.com/schemas/VisualStudio/TeamTest/2010">
  <TestSettings name="Local" id="eab3ea35-57cf-4928-ba6d-7d1f642f9577">
    <Description>These are default test settings for a local test run.</Description>
    <Deployment enabled="false" runDeploymentRoot="m.rap_ALRAZI 2012-06-10 15_59_22">
      <DeploymentItem filename="C:\Users\Admin\Documents\Visual Studio 2010\Projects\OjoPodo\mppl\mppl\itextsharp.xtra.dll" />
      <DeploymentItem filename="C:\Users\Admin\Documents\Visual Studio 2010\Projects\OjoPodo\mppl\mppl\itextsharp.dll" />
      <DeploymentItem filename="C:\Users\Admin\Documents\Visual Studio 2010\Projects\OjoPodo\mppl\mppl\bin\mppl.dll" />
    </Deployment>
    <Execution>
      <TestTypeSpecific />
      <AgentRule name="Execution Agents">
      </AgentRule>
    </Execution>
  </TestSettings>
  <Times creation="2012-06-10T15:59:22.6683177+07:00" queuing="2012-06-10T15:59:35.8223177+07:00" start="2012-06-10T15:59:36.3003177+07:00" finish="2012-06-10T15:59:50.2223177+07:00" />
  <ResultSummary outcome="Failed">
    <Counters total="181" executed="181" error="0" failed="181" timeout="0" aborted="0" inconclusive="0" passedButRunAborted="0" notRunnable="0" notExecuted="0" disconnected="0" warning="0" passed="0" completed="0" inProgress="0" pending="0" />
  </ResultSummary>
  <TestDefinitions>
    <UnitTest name="alamat_fingerprintTest1" storage="c:\users\admin\documents\visual studio 2010\projects\ojopodo\mppl\ojopodotestproject\bin\debug\ojopodotestproject.dll" id="ad1414cc-75d2-7f95-6c70-2538b30d7f14">
      <Execution id="872d71f2-004a-4b23-9e01-d8fcdd7ad37a" />
      <TestMethod codeBase="C:/Users/Admin/Documents/Visual Studio 2010/Projects/OjoPodo/mppl/OjopodoTestProject/bin/Debug/OjopodoTestProject.DLL" adapterTypeName="Microsoft.VisualStudio.TestTools.TestTypes.Unit.UnitTestAdapter, Microsoft.VisualStudio.QualityTools.Tips.UnitTest.Adapter, Version=10.0.0.0, Culture=neutral, PublicKeyToken=b03f5f7f11d50a3a" className="OjopodoTestProject.dokumenTest, OjopodoTestProject, Version=1.0.0.0, Culture=neutral, PublicKeyToken=null" name="alamat_fingerprintTest1" />
      <AspNet webSiteUrl="http://localhost:1904/">
        <Host pathToWebApp="C:\Users\Admin\Documents\Visual Studio 2010\Projects\OjoPodo\mppl\mppl" webAppRoot="/" />
      </AspNet>
    </UnitTest>
    <UnitTest name="Page_LoadTest" storage="c:\users\admin\documents\visual studio 2010\projects\ojopodo\mppl\ojopodotestproject\bin\debug\ojopodotestproject.dll" id="d9d47804-5928-aea8-b35d-3672c7dd24b2">
      <DeploymentItems>
        <DeploymentItem filename="mppl.dll" />
      </DeploymentItems>
      <Execution id="bd06cfd9-d744-414e-865d-68784ff19560" />
      <TestMethod codeBase="C:/Users/Admin/Documents/Visual Studio 2010/Projects/OjoPodo/mppl/OjopodoTestProject/bin/Debug/OjopodoTestProject.DLL" adapterTypeName="Microsoft.VisualStudio.TestTools.TestTypes.Unit.UnitTestAdapter, Microsoft.VisualStudio.QualityTools.Tips.UnitTest.Adapter, Version=10.0.0.0, Culture=neutral, PublicKeyToken=b03f5f7f11d50a3a" className="OjopodoTestProject.RegisterTest, OjopodoTestProject, Version=1.0.0.0, Culture=neutral, PublicKeyToken=null" name="Page_LoadTest" />
      <AspNet webSiteUrl="http://localhost:1904/">
        <Host pathToWebApp="C:\Users\Admin\Documents\Visual Studio 2010\Projects\OjoPodo\mppl\mppl" webAppRoot="/" />
      </AspNet>
    </UnitTest>
    <UnitTest name="namauserTest2" storage="c:\users\admin\documents\visual studio 2010\projects\ojopodo\mppl\ojopodotestproject\bin\debug\ojopodotestproject.dll" id="5f6cfebe-e375-22f8-ef8e-bffe33fa0902">
      <Execution id="64097ee3-a116-4a4e-9521-27ad2ed69a62" />
      <TestMethod codeBase="C:/Users/Admin/Documents/Visual Studio 2010/Projects/OjoPodo/mppl/OjopodoTestProject/bin/Debug/OjopodoTestProject.DLL" adapterTypeName="Microsoft.VisualStudio.TestTools.TestTypes.Unit.UnitTestAdapter, Microsoft.VisualStudio.QualityTools.Tips.UnitTest.Adapter, Version=10.0.0.0, Culture=neutral, PublicKeyToken=b03f5f7f11d50a3a" className="OjopodoTestProject.userTest, OjopodoTestProject, Version=1.0.0.0, Culture=neutral, PublicKeyToken=null" name="namauserTest2" />
      <AspNet webSiteUrl="http://localhost:1904/">
        <Host pathToWebApp="C:\Users\Admin\Documents\Visual Studio 2010\Projects\OjoPodo\mppl\mppl" webAppRoot="/" />
      </AspNet>
    </UnitTest>
    <UnitTest name="RegisterConstructorTest1" storage="c:\users\admin\documents\visual studio 2010\projects\ojopodo\mppl\ojopodotestproject\bin\debug\ojopodotestproject.dll" id="e90bb5c9-b014-8321-409a-23dd35feb9fb">
      <Execution id="191cabfc-4783-4bfa-823a-b3d56d89b1e6" />
      <TestMethod codeBase="C:/Users/Admin/Documents/Visual Studio 2010/Projects/OjoPodo/mppl/OjopodoTestProject/bin/Debug/OjopodoTestProject.DLL" adapterTypeName="Microsoft.VisualStudio.TestTools.TestTypes.Unit.UnitTestAdapter, Microsoft.VisualStudio.QualityTools.Tips.UnitTest.Adapter, Version=10.0.0.0, Culture=neutral, PublicKeyToken=b03f5f7f11d50a3a" className="OjopodoTestProject.RegisterTest, OjopodoTestProject, Version=1.0.0.0, Culture=neutral, PublicKeyToken=null" name="RegisterConstructorTest1" />
      <AspNet webSiteUrl="http://localhost:1904/">
        <Host pathToWebApp="C:\Users\Admin\Documents\Visual Studio 2010\Projects\OjoPodo\mppl\mppl" webAppRoot="/" />
      </AspNet>
    </UnitTest>
    <UnitTest name="teksTest1" storage="c:\users\admin\documents\visual studio 2010\projects\ojopodo\mppl\ojopodotestproject\bin\debug\ojopodotestproject.dll" id="958d9c76-5ae1-96ec-8563-323f58042ef2">
      <DeploymentItems>
        <DeploymentItem filename="mppl.dll" />
      </DeploymentItems>
      <Execution id="4ceef893-b135-4c04-aada-9d1b02377866" />
      <TestMethod codeBase="C:/Users/Admin/Documents/Visual Studio 2010/Projects/OjoPodo/mppl/OjopodoTestProject/bin/Debug/OjopodoTestProject.DLL" adapterTypeName="Microsoft.VisualStudio.TestTools.TestTypes.Unit.UnitTestAdapter, Microsoft.VisualStudio.QualityTools.Tips.UnitTest.Adapter, Version=10.0.0.0, Culture=neutral, PublicKeyToken=b03f5f7f11d50a3a" className="OjopodoTestProject.formCekUITest, OjopodoTestProject, Version=1.0.0.0, Culture=neutral, PublicKeyToken=null" name="teksTest1" />
      <AspNet webSiteUrl="http://localhost:1904/">
        <Host pathToWebApp="C:\Users\Admin\Documents\Visual Studio 2010\Projects\OjoPodo\mppl\mppl" webAppRoot="/" />
      </AspNet>
    </UnitTest>
    <UnitTest name="QuitTest1" storage="c:\users\admin\documents\visual studio 2010\projects\ojopodo\mppl\ojopodotestproject\bin\debug\ojopodotestproject.dll" id="235e3ff4-3a6e-575e-ac74-c70e2cbb4f4f">
      <Execution id="534fc47c-cbe2-4e5e-8f29-19695672b0b4" />
      <TestMethod codeBase="C:/Users/Admin/Documents/Visual Studio 2010/Projects/OjoPodo/mppl/OjopodoTestProject/bin/Debug/OjopodoTestProject.DLL" adapterTypeName="Microsoft.VisualStudio.TestTools.TestTypes.Unit.UnitTestAdapter, Microsoft.VisualStudio.QualityTools.Tips.UnitTest.Adapter, Version=10.0.0.0, Culture=neutral, PublicKeyToken=b03f5f7f11d50a3a" className="OjopodoTestProject._ApplicationTest, OjopodoTestProject, Version=1.0.0.0, Culture=neutral, PublicKeyToken=null" name="QuitTest1" />
      <AspNet webSiteUrl="http://localhost:1904/">
        <Host pathToWebApp="C:\Users\Admin\Documents\Visual Studio 2010\Projects\OjoPodo\mppl\mppl" webAppRoot="/" />
      </AspNet>
    </UnitTest>
    <UnitTest name="ControlCekConstructorTest5" storage="c:\users\admin\documents\visual studio 2010\projects\ojopodo\mppl\ojopodotestproject\bin\debug\ojopodotestproject.dll" id="51e50505-664d-ba89-1be0-d65fae32f623">
      <Execution id="51748d68-bf8b-4599-8964-6feecebbe27e" />
      <TestMethod codeBase="C:/Users/Admin/Documents/Visual Studio 2010/Projects/OjoPodo/mppl/OjopodoTestProject/bin/Debug/OjopodoTestProject.DLL" adapterTypeName="Microsoft.VisualStudio.TestTools.TestTypes.Unit.UnitTestAdapter, Microsoft.VisualStudio.QualityTools.Tips.UnitTest.Adapter, Version=10.0.0.0, Culture=neutral, PublicKeyToken=b03f5f7f11d50a3a" className="OjopodoTestProject.ControlCekTest, OjopodoTestProject, Version=1.0.0.0, Culture=neutral, PublicKeyToken=null" name="ControlCekConstructorTest5" />
      <AspNet webSiteUrl="http://localhost:1904/">
        <Host pathToWebApp="C:\Users\Admin\Documents\Visual Studio 2010\Projects\OjoPodo\mppl\mppl" webAppRoot="/" />
      </AspNet>
    </UnitTest>
    <UnitTest name="Page_LoadTest1" storage="c:\users\admin\documents\visual studio 2010\projects\ojopodo\mppl\ojopodotestproject\bin\debug\ojopodotestproject.dll" id="ac04f3d9-0fc1-6ca8-92d8-1c7b25679fc0">
      <DeploymentItems>
        <DeploymentItem filename="mppl.dll" />
      </DeploymentItems>
      <Execution id="3d453ed2-4eea-4416-a3ce-d408be44fb4b" />
      <TestMethod codeBase="C:/Users/Admin/Documents/Visual Studio 2010/Projects/OjoPodo/mppl/OjopodoTestProject/bin/Debug/OjopodoTestProject.DLL" adapterTypeName="Microsoft.VisualStudio.TestTools.TestTypes.Unit.UnitTestAdapter, Microsoft.VisualStudio.QualityTools.Tips.UnitTest.Adapter, Version=10.0.0.0, Culture=neutral, PublicKeyToken=b03f5f7f11d50a3a" className="OjopodoTestProject.formCekUITest, OjopodoTestProject, Version=1.0.0.0, Culture=neutral, PublicKeyToken=null" name="Page_LoadTest1" />
      <AspNet webSiteUrl="http://localhost:1904/">
        <Host pathToWebApp="C:\Users\Admin\Documents\Visual Studio 2010\Projects\OjoPodo\mppl\mppl" webAppRoot="/" />
      </AspNet>
    </UnitTest>
    <UnitTest name="Button_Submit_ClickTest2" storage="c:\users\admin\documents\visual studio 2010\projects\ojopodo\mppl\ojopodotestproject\bin\debug\ojopodotestproject.dll" id="92ef12d5-42de-df64-6e6a-8ee14f99027f">
      <DeploymentItems>
        <DeploymentItem filename="mppl.dll" />
      </DeploymentItems>
      <Execution id="dd7fce44-c978-4091-9b88-cc494673d724" />
      <TestMethod codeBase="C:/Users/Admin/Documents/Visual Studio 2010/Projects/OjoPodo/mppl/OjopodoTestProject/bin/Debug/OjopodoTestProject.DLL" adapterTypeName="Microsoft.VisualStudio.TestTools.TestTypes.Unit.UnitTestAdapter, Microsoft.VisualStudio.QualityTools.Tips.UnitTest.Adapter, Version=10.0.0.0, Culture=neutral, PublicKeyToken=b03f5f7f11d50a3a" className="OjopodoTestProject.FormTambahTest, OjopodoTestProject, Version=1.0.0.0, Culture=neutral, PublicKeyToken=null" name="Button_Submit_ClickTest2" />
      <AspNet webSiteUrl="http://localhost:1904/">
        <Host pathToWebApp="C:\Users\Admin\Documents\Visual Studio 2010\Projects\OjoPodo\mppl\mppl" webAppRoot="/" />
      </AspNet>
    </UnitTest>
    <UnitTest name="RegisterUser_CreatedUserTest" storage="c:\users\admin\documents\visual studio 2010\projects\ojopodo\mppl\ojopodotestproject\bin\debug\ojopodotestproject.dll" id="1289c68f-9b5d-2bf6-4be5-0d5fe51cbce5">
      <DeploymentItems>
        <DeploymentItem filename="mppl.dll" />
      </DeploymentItems>
      <Execution id="395da407-a40e-4cd3-91ea-d10de8b8b6a1" />
      <TestMethod codeBase="C:/Users/Admin/Documents/Visual Studio 2010/Projects/OjoPodo/mppl/OjopodoTestProject/bin/Debug/OjopodoTestProject.DLL" adapterTypeName="Microsoft.VisualStudio.TestTools.TestTypes.Unit.UnitTestAdapter, Microsoft.VisualStudio.QualityTools.Tips.UnitTest.Adapter, Version=10.0.0.0, Culture=neutral, PublicKeyToken=b03f5f7f11d50a3a" className="OjopodoTestProject.RegisterTest, OjopodoTestProject, Version=1.0.0.0, Culture=neutral, PublicKeyToken=null" name="RegisterUser_CreatedUserTest" />
      <AspNet webSiteUrl="http://localhost:1904/">
        <Host pathToWebApp="C:\Users\Admin\Documents\Visual Studio 2010\Projects\OjoPodo\mppl\mppl" webAppRoot="/" />
      </AspNet>
    </UnitTest>
    <UnitTest name="id_userTest2" storage="c:\users\admin\documents\visual studio 2010\projects\ojopodo\mppl\ojopodotestproject\bin\debug\ojopodotestproject.dll" id="a33973eb-bd6f-bfa1-3833-3d6594005853">
      <Execution id="0b410b8e-8ed2-474b-b8d8-4ea769a68906" />
      <TestMethod codeBase="C:/Users/Admin/Documents/Visual Studio 2010/Projects/OjoPodo/mppl/OjopodoTestProject/bin/Debug/OjopodoTestProject.DLL" adapterTypeName="Microsoft.VisualStudio.TestTools.TestTypes.Unit.UnitTestAdapter, Microsoft.VisualStudio.QualityTools.Tips.UnitTest.Adapter, Version=10.0.0.0, Culture=neutral, PublicKeyToken=b03f5f7f11d50a3a" className="OjopodoTestProject.userTest, OjopodoTestProject, Version=1.0.0.0, Culture=neutral, PublicKeyToken=null" name="id_userTest2" />
      <AspNet webSiteUrl="http://localhost:1904/">
        <Host pathToWebApp="C:\Users\Admin\Documents\Visual Studio 2010\Projects\OjoPodo\mppl\mppl" webAppRoot="/" />
      </AspNet>
    </UnitTest>
    <UnitTest name="teksTest" storage="c:\users\admin\documents\visual studio 2010\projects\ojopodo\mppl\ojopodotestproject\bin\debug\ojopodotestproject.dll" id="51695535-be86-aaf1-a2d3-99a7fd4020d7">
      <DeploymentItems>
        <DeploymentItem filename="mppl.dll" />
      </DeploymentItems>
      <Execution id="97930798-a618-4b4e-b770-779d72267a86" />
      <TestMethod codeBase="C:/Users/Admin/Documents/Visual Studio 2010/Projects/OjoPodo/mppl/OjopodoTestProject/bin/Debug/OjopodoTestProject.DLL" adapterTypeName="Microsoft.VisualStudio.TestTools.TestTypes.Unit.UnitTestAdapter, Microsoft.VisualStudio.QualityTools.Tips.UnitTest.Adapter, Version=10.0.0.0, Culture=neutral, PublicKeyToken=b03f5f7f11d50a3a" className="OjopodoTestProject.formCekUITest, OjopodoTestProject, Version=1.0.0.0, Culture=neutral, PublicKeyToken=null" name="teksTest" />
      <AspNet webSiteUrl="http://localhost:1904/">
        <Host pathToWebApp="C:\Users\Admin\Documents\Visual Studio 2010\Projects\OjoPodo\mppl\mppl" webAppRoot="/" />
      </AspNet>
    </UnitTest>
    <UnitTest name="Page_LoadTest2" storage="c:\users\admin\documents\visual studio 2010\projects\ojopodo\mppl\ojopodotestproject\bin\debug\ojopodotestproject.dll" id="69357bf5-a1e4-cd1a-9a34-6beb5e0e5181">
      <DeploymentItems>
        <DeploymentItem filename="mppl.dll" />
      </DeploymentItems>
      <Execution id="1ed75fd2-1aad-4175-b4c2-ada982b36f54" />
      <TestMethod codeBase="C:/Users/Admin/Documents/Visual Studio 2010/Projects/OjoPodo/mppl/OjopodoTestProject/bin/Debug/OjopodoTestProject.DLL" adapterTypeName="Microsoft.VisualStudio.TestTools.TestTypes.Unit.UnitTestAdapter, Microsoft.VisualStudio.QualityTools.Tips.UnitTest.Adapter, Version=10.0.0.0, Culture=neutral, PublicKeyToken=b03f5f7f11d50a3a" className="OjopodoTestProject.SiteMasterTest, OjopodoTestProject, Version=1.0.0.0, Culture=neutral, PublicKeyToken=null" name="Page_LoadTest2" />
      <AspNet webSiteUrl="http://localhost:1904/">
        <Host pathToWebApp="C:\Users\Admin\Documents\Visual Studio 2010\Projects\OjoPodo\mppl\mppl" webAppRoot="/" />
      </AspNet>
    </UnitTest>
    <UnitTest name="Page_LoadTest2" storage="c:\users\admin\documents\visual studio 2010\projects\ojopodo\mppl\ojopodotestproject\bin\debug\ojopodotestproject.dll" id="125cc352-7d78-77fc-968b-29d124f59e9c">
      <DeploymentItems>
        <DeploymentItem filename="mppl.dll" />
      </DeploymentItems>
      <Execution id="f7f21670-100d-4115-b219-1114562c0ca1" />
      <TestMethod codeBase="C:/Users/Admin/Documents/Visual Studio 2010/Projects/OjoPodo/mppl/OjopodoTestProject/bin/Debug/OjopodoTestProject.DLL" adapterTypeName="Microsoft.VisualStudio.TestTools.TestTypes.Unit.UnitTestAdapter, Microsoft.VisualStudio.QualityTools.Tips.UnitTest.Adapter, Version=10.0.0.0, Culture=neutral, PublicKeyToken=b03f5f7f11d50a3a" className="OjopodoTestProject.FormTambahTest, OjopodoTestProject, Version=1.0.0.0, Culture=neutral, PublicKeyToken=null" name="Page_LoadTest2" />
      <AspNet webSiteUrl="http://localhost:1904/">
        <Host pathToWebApp="C:\Users\Admin\Documents\Visual Studio 2010\Projects\OjoPodo\mppl\mppl" webAppRoot="/" />
      </AspNet>
    </UnitTest>
    <UnitTest name="Page_LoadTest2" storage="c:\users\admin\documents\visual studio 2010\projects\ojopodo\mppl\ojopodotestproject\bin\debug\ojopodotestproject.dll" id="e9289cd3-b115-770d-29f2-23e3804c6430">
      <DeploymentItems>
        <DeploymentItem filename="mppl.dll" />
      </DeploymentItems>
      <Execution id="53b8ff69-efa8-4e17-a77b-45d49e2af98b" />
      <TestMethod codeBase="C:/Users/Admin/Documents/Visual Studio 2010/Projects/OjoPodo/mppl/OjopodoTestProject/bin/Debug/OjopodoTestProject.DLL" adapterTypeName="Microsoft.VisualStudio.TestTools.TestTypes.Unit.UnitTestAdapter, Microsoft.VisualStudio.QualityTools.Tips.UnitTest.Adapter, Version=10.0.0.0, Culture=neutral, PublicKeyToken=b03f5f7f11d50a3a" className="OjopodoTestProject.AboutTest, OjopodoTestProject, Version=1.0.0.0, Culture=neutral, PublicKeyToken=null" name="Page_LoadTest2" />
      <AspNet webSiteUrl="http://localhost:1904/">
        <Host pathToWebApp="C:\Users\Admin\Documents\Visual Studio 2010\Projects\OjoPodo\mppl\mppl" webAppRoot="/" />
      </AspNet>
    </UnitTest>
    <UnitTest name="Page_LoadTest" storage="c:\users\admin\documents\visual studio 2010\projects\ojopodo\mppl\ojopodotestproject\bin\debug\ojopodotestproject.dll" id="5399227d-bc55-42e1-34de-ac63001b8a22">
      <DeploymentItems>
        <DeploymentItem filename="mppl.dll" />
      </DeploymentItems>
      <Execution id="6d6cdb71-ed7e-477b-bf95-c6867990a286" />
      <TestMethod codeBase="C:/Users/Admin/Documents/Visual Studio 2010/Projects/OjoPodo/mppl/OjopodoTestProject/bin/Debug/OjopodoTestProject.DLL" adapterTypeName="Microsoft.VisualStudio.TestTools.TestTypes.Unit.UnitTestAdapter, Microsoft.VisualStudio.QualityTools.Tips.UnitTest.Adapter, Version=10.0.0.0, Culture=neutral, PublicKeyToken=b03f5f7f11d50a3a" className="OjopodoTestProject.SiteMasterTest, OjopodoTestProject, Version=1.0.0.0, Culture=neutral, PublicKeyToken=null" name="Page_LoadTest" />
      <AspNet webSiteUrl="http://localhost:1904/">
        <Host pathToWebApp="C:\Users\Admin\Documents\Visual Studio 2010\Projects\OjoPodo\mppl\mppl" webAppRoot="/" />
      </AspNet>
    </UnitTest>
    <UnitTest name="Page_LoadTest" storage="c:\users\admin\documents\visual studio 2010\projects\ojopodo\mppl\ojopodotestproject\bin\debug\ojopodotestproject.dll" id="e4b7a1cd-439f-8431-3f3a-d83dfaba6f7e">
      <DeploymentItems>
        <DeploymentItem filename="mppl.dll" />
      </DeploymentItems>
      <Execution id="515cf62e-12a1-4026-9371-d2182e31a48f" />
      <TestMethod codeBase="C:/Users/Admin/Documents/Visual Studio 2010/Projects/OjoPodo/mppl/OjopodoTestProject/bin/Debug/OjopodoTestProject.DLL" adapterTypeName="Microsoft.VisualStudio.TestTools.TestTypes.Unit.UnitTestAdapter, Microsoft.VisualStudio.QualityTools.Tips.UnitTest.Adapter, Version=10.0.0.0, Culture=neutral, PublicKeyToken=b03f5f7f11d50a3a" className="OjopodoTestProject.ChangePasswordTest, OjopodoTestProject, Version=1.0.0.0, Culture=neutral, PublicKeyToken=null" name="Page_LoadTest" />
      <AspNet webSiteUrl="http://localhost:1904/">
        <Host pathToWebApp="C:\Users\Admin\Documents\Visual Studio 2010\Projects\OjoPodo\mppl\mppl" webAppRoot="/" />
      </AspNet>
    </UnitTest>
    <UnitTest name="userConstructorTest" storage="c:\users\admin\documents\visual studio 2010\projects\ojopodo\mppl\ojopodotestproject\bin\debug\ojopodotestproject.dll" id="a1405876-cf86-1399-8ca7-7f1d71633bef">
      <Execution id="0425e9b2-72d2-48c4-ba41-fb29282729ae" />
      <TestMethod codeBase="C:/Users/Admin/Documents/Visual Studio 2010/Projects/OjoPodo/mppl/OjopodoTestProject/bin/Debug/OjopodoTestProject.DLL" adapterTypeName="Microsoft.VisualStudio.TestTools.TestTypes.Unit.UnitTestAdapter, Microsoft.VisualStudio.QualityTools.Tips.UnitTest.Adapter, Version=10.0.0.0, Culture=neutral, PublicKeyToken=b03f5f7f11d50a3a" className="OjopodoTestProject.userTest, OjopodoTestProject, Version=1.0.0.0, Culture=neutral, PublicKeyToken=null" name="userConstructorTest" />
      <AspNet webSiteUrl="http://localhost:1904/">
        <Host pathToWebApp="C:\Users\Admin\Documents\Visual Studio 2010\Projects\OjoPodo\mppl\mppl" webAppRoot="/" />
      </AspNet>
    </UnitTest>
    <UnitTest name="CreateuserTest" storage="c:\users\admin\documents\visual studio 2010\projects\ojopodo\mppl\ojopodotestproject\bin\debug\ojopodotestproject.dll" id="8c815e5e-e172-65f0-92fc-65b30edd2fd4">
      <Execution id="e52e3735-b950-4a19-8296-9be20e351484" />
      <TestMethod codeBase="C:/Users/Admin/Documents/Visual Studio 2010/Projects/OjoPodo/mppl/OjopodoTestProject/bin/Debug/OjopodoTestProject.DLL" adapterTypeName="Microsoft.VisualStudio.TestTools.TestTypes.Unit.UnitTestAdapter, Microsoft.VisualStudio.QualityTools.Tips.UnitTest.Adapter, Version=10.0.0.0, Culture=neutral, PublicKeyToken=b03f5f7f11d50a3a" className="OjopodoTestProject.userTest, OjopodoTestProject, Version=1.0.0.0, Culture=neutral, PublicKeyToken=null" name="CreateuserTest" />
      <AspNet webSiteUrl="http://localhost:1904/">
        <Host pathToWebApp="C:\Users\Admin\Documents\Visual Studio 2010\Projects\OjoPodo\mppl\mppl" webAppRoot="/" />
      </AspNet>
    </UnitTest>
    <UnitTest name="AddTouserTest" storage="c:\users\admin\documents\visual studio 2010\projects\ojopodo\mppl\ojopodotestproject\bin\debug\ojopodotestproject.dll" id="e22ef012-b1c7-dc7f-5a34-afcc3752b48b">
      <Execution id="443809c1-acba-4b90-97a0-1eb616aa519c" />
      <TestMethod codeBase="C:/Users/Admin/Documents/Visual Studio 2010/Projects/OjoPodo/mppl/OjopodoTestProject/bin/Debug/OjopodoTestProject.DLL" adapterTypeName="Microsoft.VisualStudio.TestTools.TestTypes.Unit.UnitTestAdapter, Microsoft.VisualStudio.QualityTools.Tips.UnitTest.Adapter, Version=10.0.0.0, Culture=neutral, PublicKeyToken=b03f5f7f11d50a3a" className="OjopodoTestProject.ojopodoEntitiesTest, OjopodoTestProject, Version=1.0.0.0, Culture=neutral, PublicKeyToken=null" name="AddTouserTest" />
      <AspNet webSiteUrl="http://localhost:1904/">
        <Host pathToWebApp="C:\Users\Admin\Documents\Visual Studio 2010\Projects\OjoPodo\mppl\mppl" webAppRoot="/" />
      </AspNet>
    </UnitTest>
    <UnitTest name="rollHashRightTest" storage="c:\users\admin\documents\visual studio 2010\projects\ojopodo\mppl\ojopodotestproject\bin\debug\ojopodotestproject.dll" id="a5238c7e-8a95-cb5a-b528-67036ccdafb9">
      <Execution id="c24b2af0-9a68-4cf3-909d-327a73fac69c" />
      <TestMethod codeBase="C:/Users/Admin/Documents/Visual Studio 2010/Projects/OjoPodo/mppl/OjopodoTestProject/bin/Debug/OjopodoTestProject.DLL" adapterTypeName="Microsoft.VisualStudio.TestTools.TestTypes.Unit.UnitTestAdapter, Microsoft.VisualStudio.QualityTools.Tips.UnitTest.Adapter, Version=10.0.0.0, Culture=neutral, PublicKeyToken=b03f5f7f11d50a3a" className="OjopodoTestProject.WinnowingTest, OjopodoTestProject, Version=1.0.0.0, Culture=neutral, PublicKeyToken=null" name="rollHashRightTest" />
      <AspNet webSiteUrl="http://localhost:1904/">
        <Host pathToWebApp="C:\Users\Admin\Documents\Visual Studio 2010\Projects\OjoPodo\mppl\mppl" webAppRoot="/" />
      </AspNet>
    </UnitTest>
    <UnitTest name="HasilCekDokumenUIConstructorTest" storage="c:\users\admin\documents\visual studio 2010\projects\ojopodo\mppl\ojopodotestproject\bin\debug\ojopodotestproject.dll" id="4098347f-2de2-abbe-1f31-4d142f11500d">
      <Execution id="dc3cfcd8-db3a-4c86-b129-d31ea65e8d8e" />
      <TestMethod codeBase="C:/Users/Admin/Documents/Visual Studio 2010/Projects/OjoPodo/mppl/OjopodoTestProject/bin/Debug/OjopodoTestProject.DLL" adapterTypeName="Microsoft.VisualStudio.TestTools.TestTypes.Unit.UnitTestAdapter, Microsoft.VisualStudio.QualityTools.Tips.UnitTest.Adapter, Version=10.0.0.0, Culture=neutral, PublicKeyToken=b03f5f7f11d50a3a" className="OjopodoTestProject.HasilCekDokumenUITest, OjopodoTestProject, Version=1.0.0.0, Culture=neutral, PublicKeyToken=null" name="HasilCekDokumenUIConstructorTest" />
      <AspNet webSiteUrl="http://localhost:1904/">
        <Host pathToWebApp="C:\Users\Admin\Documents\Visual Studio 2010\Projects\OjoPodo\mppl\mppl" webAppRoot="/" />
      </AspNet>
    </UnitTest>
    <UnitTest name="cekKemiripanTest1" storage="c:\users\admin\documents\visual studio 2010\projects\ojopodo\mppl\ojopodotestproject\bin\debug\ojopodotestproject.dll" id="3739142b-6f26-80db-8216-ffad29a08f8b">
      <DeploymentItems>
        <DeploymentItem filename="mppl.dll" />
      </DeploymentItems>
      <Execution id="4ed94669-a204-433b-9787-c5150173fc50" />
      <TestMethod codeBase="C:/Users/Admin/Documents/Visual Studio 2010/Projects/OjoPodo/mppl/OjopodoTestProject/bin/Debug/OjopodoTestProject.DLL" adapterTypeName="Microsoft.VisualStudio.TestTools.TestTypes.Unit.UnitTestAdapter, Microsoft.VisualStudio.QualityTools.Tips.UnitTest.Adapter, Version=10.0.0.0, Culture=neutral, PublicKeyToken=b03f5f7f11d50a3a" className="OjopodoTestProject.ControlCekTest, OjopodoTestProject, Version=1.0.0.0, Culture=neutral, PublicKeyToken=null" name="cekKemiripanTest1" />
      <AspNet webSiteUrl="http://localhost:1904/">
        <Host pathToWebApp="C:\Users\Admin\Documents\Visual Studio 2010\Projects\OjoPodo\mppl\mppl" webAppRoot="/" />
      </AspNet>
    </UnitTest>
    <UnitTest name="judulTest" storage="c:\users\admin\documents\visual studio 2010\projects\ojopodo\mppl\ojopodotestproject\bin\debug\ojopodotestproject.dll" id="4d8b1b28-0c2e-a583-3eee-88626c8e49f8">
      <Execution id="a7b33869-ffc5-42d1-b743-08ddbeaa353b" />
      <TestMethod codeBase="C:/Users/Admin/Documents/Visual Studio 2010/Projects/OjoPodo/mppl/OjopodoTestProject/bin/Debug/OjopodoTestProject.DLL" adapterTypeName="Microsoft.VisualStudio.TestTools.TestTypes.Unit.UnitTestAdapter, Microsoft.VisualStudio.QualityTools.Tips.UnitTest.Adapter, Version=10.0.0.0, Culture=neutral, PublicKeyToken=b03f5f7f11d50a3a" className="OjopodoTestProject.dokumenTest, OjopodoTestProject, Version=1.0.0.0, Culture=neutral, PublicKeyToken=null" name="judulTest" />
      <AspNet webSiteUrl="http://localhost:1904/">
        <Host pathToWebApp="C:\Users\Admin\Documents\Visual Studio 2010\Projects\OjoPodo\mppl\mppl" webAppRoot="/" />
      </AspNet>
    </UnitTest>
    <UnitTest name="ChangePasswordConstructorTest1" storage="c:\users\admin\documents\visual studio 2010\projects\ojopodo\mppl\ojopodotestproject\bin\debug\ojopodotestproject.dll" id="e8e8089e-b63c-b4a2-7cfe-b9b154554811">
      <Execution id="2ce050f6-52aa-401d-b1b1-6f8ad2010f88" />
      <TestMethod codeBase="C:/Users/Admin/Documents/Visual Studio 2010/Projects/OjoPodo/mppl/OjopodoTestProject/bin/Debug/OjopodoTestProject.DLL" adapterTypeName="Microsoft.VisualStudio.TestTools.TestTypes.Unit.UnitTestAdapter, Microsoft.VisualStudio.QualityTools.Tips.UnitTest.Adapter, Version=10.0.0.0, Culture=neutral, PublicKeyToken=b03f5f7f11d50a3a" className="OjopodoTestProject.ChangePasswordTest, OjopodoTestProject, Version=1.0.0.0, Culture=neutral, PublicKeyToken=null" name="ChangePasswordConstructorTest1" />
      <AspNet webSiteUrl="http://localhost:1904/">
        <Host pathToWebApp="C:\Users\Admin\Documents\Visual Studio 2010\Projects\OjoPodo\mppl\mppl" webAppRoot="/" />
      </AspNet>
    </UnitTest>
    <UnitTest name="Page_LoadTest" storage="c:\users\admin\documents\visual studio 2010\projects\ojopodo\mppl\ojopodotestproject\bin\debug\ojopodotestproject.dll" id="9a3de24e-2eff-76ae-d300-8685d9bcb047">
      <DeploymentItems>
        <DeploymentItem filename="mppl.dll" />
      </DeploymentItems>
      <Execution id="8efcc1b6-c2ba-42e8-9de2-67a678872e5c" />
      <TestMethod codeBase="C:/Users/Admin/Documents/Visual Studio 2010/Projects/OjoPodo/mppl/OjopodoTestProject/bin/Debug/OjopodoTestProject.DLL" adapterTypeName="Microsoft.VisualStudio.TestTools.TestTypes.Unit.UnitTestAdapter, Microsoft.VisualStudio.QualityTools.Tips.UnitTest.Adapter, Version=10.0.0.0, Culture=neutral, PublicKeyToken=b03f5f7f11d50a3a" className="OjopodoTestProject.LoginTest, OjopodoTestProject, Version=1.0.0.0, Culture=neutral, PublicKeyToken=null" name="Page_LoadTest" />
      <AspNet webSiteUrl="http://localhost:1904/">
        <Host pathToWebApp="C:\Users\Admin\Documents\Visual Studio 2010\Projects\OjoPodo\mppl\mppl" webAppRoot="/" />
      </AspNet>
    </UnitTest>
    <UnitTest name="uploadTest2" storage="c:\users\admin\documents\visual studio 2010\projects\ojopodo\mppl\ojopodotestproject\bin\debug\ojopodotestproject.dll" id="2acf2280-bb85-7972-3410-c5621017b3e0">
      <Execution id="561dd1db-e5cf-4335-8e13-e3d44d9f7076" />
      <TestMethod codeBase="C:/Users/Admin/Documents/Visual Studio 2010/Projects/OjoPodo/mppl/OjopodoTestProject/bin/Debug/OjopodoTestProject.DLL" adapterTypeName="Microsoft.VisualStudio.TestTools.TestTypes.Unit.UnitTestAdapter, Microsoft.VisualStudio.QualityTools.Tips.UnitTest.Adapter, Version=10.0.0.0, Culture=neutral, PublicKeyToken=b03f5f7f11d50a3a" className="OjopodoTestProject.ControlCekTest, OjopodoTestProject, Version=1.0.0.0, Culture=neutral, PublicKeyToken=null" name="uploadTest2" />
      <AspNet webSiteUrl="http://localhost:1904/">
        <Host pathToWebApp="C:\Users\Admin\Documents\Visual Studio 2010\Projects\OjoPodo\mppl\mppl" webAppRoot="/" />
      </AspNet>
    </UnitTest>
    <UnitTest name="periksaTest" storage="c:\users\admin\documents\visual studio 2010\projects\ojopodo\mppl\ojopodotestproject\bin\debug\ojopodotestproject.dll" id="e5df7cbe-7d97-608b-71b8-524f6e4300bd">
      <DeploymentItems>
        <DeploymentItem filename="mppl.dll" />
      </DeploymentItems>
      <Execution id="29593f16-5c46-42dc-a093-ea3498711439" />
      <TestMethod codeBase="C:/Users/Admin/Documents/Visual Studio 2010/Projects/OjoPodo/mppl/OjopodoTestProject/bin/Debug/OjopodoTestProject.DLL" adapterTypeName="Microsoft.VisualStudio.TestTools.TestTypes.Unit.UnitTestAdapter, Microsoft.VisualStudio.QualityTools.Tips.UnitTest.Adapter, Version=10.0.0.0, Culture=neutral, PublicKeyToken=b03f5f7f11d50a3a" className="OjopodoTestProject.formCekUITest, OjopodoTestProject, Version=1.0.0.0, Culture=neutral, PublicKeyToken=null" name="periksaTest" />
      <AspNet webSiteUrl="http://localhost:1904/">
        <Host pathToWebApp="C:\Users\Admin\Documents\Visual Studio 2010\Projects\OjoPodo\mppl\mppl" webAppRoot="/" />
      </AspNet>
    </UnitTest>
    <UnitTest name="Page_LoadTest2" storage="c:\users\admin\documents\visual studio 2010\projects\ojopodo\mppl\ojopodotestproject\bin\debug\ojopodotestproject.dll" id="4b3af668-3ad1-6912-e9b5-039fba3a0624">
      <DeploymentItems>
        <DeploymentItem filename="mppl.dll" />
      </DeploymentItems>
      <Execution id="9d8e0c89-c591-4a6d-ba73-e5b013f93946" />
      <TestMethod codeBase="C:/Users/Admin/Documents/Visual Studio 2010/Projects/OjoPodo/mppl/OjopodoTestProject/bin/Debug/OjopodoTestProject.DLL" adapterTypeName="Microsoft.VisualStudio.TestTools.TestTypes.Unit.UnitTestAdapter, Microsoft.VisualStudio.QualityTools.Tips.UnitTest.Adapter, Version=10.0.0.0, Culture=neutral, PublicKeyToken=b03f5f7f11d50a3a" className="OjopodoTestProject.ChangePasswordSuccessTest, OjopodoTestProject, Version=1.0.0.0, Culture=neutral, PublicKeyToken=null" name="Page_LoadTest2" />
      <AspNet webSiteUrl="http://localhost:1904/">
        <Host pathToWebApp="C:\Users\Admin\Documents\Visual Studio 2010\Projects\OjoPodo\mppl\mppl" webAppRoot="/" />
      </AspNet>
    </UnitTest>
    <UnitTest name="Session_EndTest" storage="c:\users\admin\documents\visual studio 2010\projects\ojopodo\mppl\ojopodotestproject\bin\debug\ojopodotestproject.dll" id="530f76cd-2bf8-89d2-187b-0eaec20d2d9b">
      <DeploymentItems>
        <DeploymentItem filename="mppl.dll" />
      </DeploymentItems>
      <Execution id="00a02dfb-5018-4eae-b7e6-a5bd931c1480" />
      <TestMethod codeBase="C:/Users/Admin/Documents/Visual Studio 2010/Projects/OjoPodo/mppl/OjopodoTestProject/bin/Debug/OjopodoTestProject.DLL" adapterTypeName="Microsoft.VisualStudio.TestTools.TestTypes.Unit.UnitTestAdapter, Microsoft.VisualStudio.QualityTools.Tips.UnitTest.Adapter, Version=10.0.0.0, Culture=neutral, PublicKeyToken=b03f5f7f11d50a3a" className="OjopodoTestProject.GlobalTest, OjopodoTestProject, Version=1.0.0.0, Culture=neutral, PublicKeyToken=null" name="Session_EndTest" />
      <AspNet webSiteUrl="http://localhost:1904/">
        <Host pathToWebApp="C:\Users\Admin\Documents\Visual Studio 2010\Projects\OjoPodo\mppl\mppl" webAppRoot="/" />
      </AspNet>
    </UnitTest>
    <UnitTest name="Application_ErrorTest" storage="c:\users\admin\documents\visual studio 2010\projects\ojopodo\mppl\ojopodotestproject\bin\debug\ojopodotestproject.dll" id="307e7801-f7cb-4520-3fc5-ad970cec9664">
      <DeploymentItems>
        <DeploymentItem filename="mppl.dll" />
      </DeploymentItems>
      <Execution id="ae935123-21e5-4892-afb5-9fc2d8a0afa8" />
      <TestMethod codeBase="C:/Users/Admin/Documents/Visual Studio 2010/Projects/OjoPodo/mppl/OjopodoTestProject/bin/Debug/OjopodoTestProject.DLL" adapterTypeName="Microsoft.VisualStudio.TestTools.TestTypes.Unit.UnitTestAdapter, Microsoft.VisualStudio.QualityTools.Tips.UnitTest.Adapter, Version=10.0.0.0, Culture=neutral, PublicKeyToken=b03f5f7f11d50a3a" className="OjopodoTestProject.GlobalTest, OjopodoTestProject, Version=1.0.0.0, Culture=neutral, PublicKeyToken=null" name="Application_ErrorTest" />
      <AspNet webSiteUrl="http://localhost:1904/">
        <Host pathToWebApp="C:\Users\Admin\Documents\Visual Studio 2010\Projects\OjoPodo\mppl\mppl" webAppRoot="/" />
      </AspNet>
    </UnitTest>
    <UnitTest name="uploadTest1" storage="c:\users\admin\documents\visual studio 2010\projects\ojopodo\mppl\ojopodotestproject\bin\debug\ojopodotestproject.dll" id="3a502c86-b169-8369-3888-4a52feab6ec0">
      <DeploymentItems>
        <DeploymentItem filename="mppl.dll" />
      </DeploymentItems>
      <Execution id="cc4c1004-1583-49ef-a5b3-6ce6bc4c5e83" />
      <TestMethod codeBase="C:/Users/Admin/Documents/Visual Studio 2010/Projects/OjoPodo/mppl/OjopodoTestProject/bin/Debug/OjopodoTestProject.DLL" adapterTypeName="Microsoft.VisualStudio.TestTools.TestTypes.Unit.UnitTestAdapter, Microsoft.VisualStudio.QualityTools.Tips.UnitTest.Adapter, Version=10.0.0.0, Culture=neutral, PublicKeyToken=b03f5f7f11d50a3a" className="OjopodoTestProject.formCekUITest, OjopodoTestProject, Version=1.0.0.0, Culture=neutral, PublicKeyToken=null" name="uploadTest1" />
      <AspNet webSiteUrl="http://localhost:1904/">
        <Host pathToWebApp="C:\Users\Admin\Documents\Visual Studio 2010\Projects\OjoPodo\mppl\mppl" webAppRoot="/" />
      </AspNet>
    </UnitTest>
    <UnitTest name="Page_LoadTest2" storage="c:\users\admin\documents\visual studio 2010\projects\ojopodo\mppl\ojopodotestproject\bin\debug\ojopodotestproject.dll" id="2a4e0f54-5912-32cb-b4f8-e3f4dbada93f">
      <DeploymentItems>
        <DeploymentItem filename="mppl.dll" />
      </DeploymentItems>
      <Execution id="8c5c9b20-69fd-4f2b-9fe9-e839904ca3c1" />
      <TestMethod codeBase="C:/Users/Admin/Documents/Visual Studio 2010/Projects/OjoPodo/mppl/OjopodoTestProject/bin/Debug/OjopodoTestProject.DLL" adapterTypeName="Microsoft.VisualStudio.TestTools.TestTypes.Unit.UnitTestAdapter, Microsoft.VisualStudio.QualityTools.Tips.UnitTest.Adapter, Version=10.0.0.0, Culture=neutral, PublicKeyToken=b03f5f7f11d50a3a" className="OjopodoTestProject.RegisterTest, OjopodoTestProject, Version=1.0.0.0, Culture=neutral, PublicKeyToken=null" name="Page_LoadTest2" />
      <AspNet webSiteUrl="http://localhost:1904/">
        <Host pathToWebApp="C:\Users\Admin\Documents\Visual Studio 2010\Projects\OjoPodo\mppl\mppl" webAppRoot="/" />
      </AspNet>
    </UnitTest>
    <UnitTest name="Page_LoadTest1" storage="c:\users\admin\documents\visual studio 2010\projects\ojopodo\mppl\ojopodotestproject\bin\debug\ojopodotestproject.dll" id="0dcbd4e9-295c-7c4b-8f3f-7cf71ccc8de3">
      <DeploymentItems>
        <DeploymentItem filename="mppl.dll" />
      </DeploymentItems>
      <Execution id="39d06bba-7a8d-4c89-8689-78117f485283" />
      <TestMethod codeBase="C:/Users/Admin/Documents/Visual Studio 2010/Projects/OjoPodo/mppl/OjopodoTestProject/bin/Debug/OjopodoTestProject.DLL" adapterTypeName="Microsoft.VisualStudio.TestTools.TestTypes.Unit.UnitTestAdapter, Microsoft.VisualStudio.QualityTools.Tips.UnitTest.Adapter, Version=10.0.0.0, Culture=neutral, PublicKeyToken=b03f5f7f11d50a3a" className="OjopodoTestProject.AboutTest, OjopodoTestProject, Version=1.0.0.0, Culture=neutral, PublicKeyToken=null" name="Page_LoadTest1" />
      <AspNet webSiteUrl="http://localhost:1904/">
        <Host pathToWebApp="C:\Users\Admin\Documents\Visual Studio 2010\Projects\OjoPodo\mppl\mppl" webAppRoot="/" />
      </AspNet>
    </UnitTest>
    <UnitTest name="ChangePasswordSuccessConstructorTest2" storage="c:\users\admin\documents\visual studio 2010\projects\ojopodo\mppl\ojopodotestproject\bin\debug\ojopodotestproject.dll" id="3098ab9c-926b-8ba8-fc81-11f4715f1c5d">
      <Execution id="8db8a550-560f-40e9-a6ad-c3e0cf06f4cd" />
      <TestMethod codeBase="C:/Users/Admin/Documents/Visual Studio 2010/Projects/OjoPodo/mppl/OjopodoTestProject/bin/Debug/OjopodoTestProject.DLL" adapterTypeName="Microsoft.VisualStudio.TestTools.TestTypes.Unit.UnitTestAdapter, Microsoft.VisualStudio.QualityTools.Tips.UnitTest.Adapter, Version=10.0.0.0, Culture=neutral, PublicKeyToken=b03f5f7f11d50a3a" className="OjopodoTestProject.ChangePasswordSuccessTest, OjopodoTestProject, Version=1.0.0.0, Culture=neutral, PublicKeyToken=null" name="ChangePasswordSuccessConstructorTest2" />
      <AspNet webSiteUrl="http://localhost:1904/">
        <Host pathToWebApp="C:\Users\Admin\Documents\Visual Studio 2010\Projects\OjoPodo\mppl\mppl" webAppRoot="/" />
      </AspNet>
    </UnitTest>
    <UnitTest name="ApplicationTest" storage="c:\users\admin\documents\visual studio 2010\projects\ojopodo\mppl\ojopodotestproject\bin\debug\ojopodotestproject.dll" id="64ea801d-33d6-013c-5185-7e54b431c6bd">
      <Execution id="bc102796-a857-44a9-a750-639a2a8a1a66" />
      <TestMethod codeBase="C:/Users/Admin/Documents/Visual Studio 2010/Projects/OjoPodo/mppl/OjopodoTestProject/bin/Debug/OjopodoTestProject.DLL" adapterTypeName="Microsoft.VisualStudio.TestTools.TestTypes.Unit.UnitTestAdapter, Microsoft.VisualStudio.QualityTools.Tips.UnitTest.Adapter, Version=10.0.0.0, Culture=neutral, PublicKeyToken=b03f5f7f11d50a3a" className="OjopodoTestProject._ApplicationTest, OjopodoTestProject, Version=1.0.0.0, Culture=neutral, PublicKeyToken=null" name="ApplicationTest" />
      <AspNet webSiteUrl="http://localhost:1904/">
        <Host pathToWebApp="C:\Users\Admin\Documents\Visual Studio 2010\Projects\OjoPodo\mppl\mppl" webAppRoot="/" />
      </AspNet>
    </UnitTest>
    <UnitTest name="Page_LoadTest" storage="c:\users\admin\documents\visual studio 2010\projects\ojopodo\mppl\ojopodotestproject\bin\debug\ojopodotestproject.dll" id="8b701a3f-93a8-9878-8623-9c67db29b59c">
      <DeploymentItems>
        <DeploymentItem filename="mppl.dll" />
      </DeploymentItems>
      <Execution id="0e4b750c-b0fa-4f2b-9d5f-fc6d3ea2e5a0" />
      <TestMethod codeBase="C:/Users/Admin/Documents/Visual Studio 2010/Projects/OjoPodo/mppl/OjopodoTestProject/bin/Debug/OjopodoTestProject.DLL" adapterTypeName="Microsoft.VisualStudio.TestTools.TestTypes.Unit.UnitTestAdapter, Microsoft.VisualStudio.QualityTools.Tips.UnitTest.Adapter, Version=10.0.0.0, Culture=neutral, PublicKeyToken=b03f5f7f11d50a3a" className="OjopodoTestProject.FormTambahTest, OjopodoTestProject, Version=1.0.0.0, Culture=neutral, PublicKeyToken=null" name="Page_LoadTest" />
      <AspNet webSiteUrl="http://localhost:1904/">
        <Host pathToWebApp="C:\Users\Admin\Documents\Visual Studio 2010\Projects\OjoPodo\mppl\mppl" webAppRoot="/" />
      </AspNet>
    </UnitTest>
    <UnitTest name="Page_LoadTest1" storage="c:\users\admin\documents\visual studio 2010\projects\ojopodo\mppl\ojopodotestproject\bin\debug\ojopodotestproject.dll" id="f6332b14-8b0e-6c1a-8542-dbf2c7a5e6d7">
      <DeploymentItems>
        <DeploymentItem filename="mppl.dll" />
      </DeploymentItems>
      <Execution id="b0007ded-ad25-4b3e-9312-d2e68061ef6c" />
      <TestMethod codeBase="C:/Users/Admin/Documents/Visual Studio 2010/Projects/OjoPodo/mppl/OjopodoTestProject/bin/Debug/OjopodoTestProject.DLL" adapterTypeName="Microsoft.VisualStudio.TestTools.TestTypes.Unit.UnitTestAdapter, Microsoft.VisualStudio.QualityTools.Tips.UnitTest.Adapter, Version=10.0.0.0, Culture=neutral, PublicKeyToken=b03f5f7f11d50a3a" className="OjopodoTestProject.ChangePasswordTest, OjopodoTestProject, Version=1.0.0.0, Culture=neutral, PublicKeyToken=null" name="Page_LoadTest1" />
      <AspNet webSiteUrl="http://localhost:1904/">
        <Host pathToWebApp="C:\Users\Admin\Documents\Visual Studio 2010\Projects\OjoPodo\mppl\mppl" webAppRoot="/" />
      </AspNet>
    </UnitTest>
    <UnitTest name="dokumenTest" storage="c:\users\admin\documents\visual studio 2010\projects\ojopodo\mppl\ojopodotestproject\bin\debug\ojopodotestproject.dll" id="ed1a279c-f71e-b268-001d-b878afe901ac">
      <Execution id="d5e9e57f-ab52-409a-b3bf-0645784d07d8" />
      <TestMethod codeBase="C:/Users/Admin/Documents/Visual Studio 2010/Projects/OjoPodo/mppl/OjopodoTestProject/bin/Debug/OjopodoTestProject.DLL" adapterTypeName="Microsoft.VisualStudio.TestTools.TestTypes.Unit.UnitTestAdapter, Microsoft.VisualStudio.QualityTools.Tips.UnitTest.Adapter, Version=10.0.0.0, Culture=neutral, PublicKeyToken=b03f5f7f11d50a3a" className="OjopodoTestProject.ojopodoEntitiesTest, OjopodoTestProject, Version=1.0.0.0, Culture=neutral, PublicKeyToken=null" name="dokumenTest" />
      <AspNet webSiteUrl="http://localhost:1904/">
        <Host pathToWebApp="C:\Users\Admin\Documents\Visual Studio 2010\Projects\OjoPodo\mppl\mppl" webAppRoot="/" />
      </AspNet>
    </UnitTest>
    <UnitTest name="Page_LoadTest" storage="c:\users\admin\documents\visual studio 2010\projects\ojopodo\mppl\ojopodotestproject\bin\debug\ojopodotestproject.dll" id="8e873a5d-9ef0-f58b-6bbc-65e7dd23c2e5">
      <DeploymentItems>
        <DeploymentItem filename="mppl.dll" />
      </DeploymentItems>
      <Execution id="7f0e8b93-ff57-458f-b030-da1675d7a5c4" />
      <TestMethod codeBase="C:/Users/Admin/Documents/Visual Studio 2010/Projects/OjoPodo/mppl/OjopodoTestProject/bin/Debug/OjopodoTestProject.DLL" adapterTypeName="Microsoft.VisualStudio.TestTools.TestTypes.Unit.UnitTestAdapter, Microsoft.VisualStudio.QualityTools.Tips.UnitTest.Adapter, Version=10.0.0.0, Culture=neutral, PublicKeyToken=b03f5f7f11d50a3a" className="OjopodoTestProject.HasilCekDokumenUITest, OjopodoTestProject, Version=1.0.0.0, Culture=neutral, PublicKeyToken=null" name="Page_LoadTest" />
      <AspNet webSiteUrl="http://localhost:1904/">
        <Host pathToWebApp="C:\Users\Admin\Documents\Visual Studio 2010\Projects\OjoPodo\mppl\mppl" webAppRoot="/" />
      </AspNet>
    </UnitTest>
    <UnitTest name="FormTambahConstructorTest" storage="c:\users\admin\documents\visual studio 2010\projects\ojopodo\mppl\ojopodotestproject\bin\debug\ojopodotestproject.dll" id="839b1fda-f48a-29f2-f1a5-52dd9999b657">
      <Execution id="ccb42994-604c-41ee-b96e-e3ad649300ee" />
      <TestMethod codeBase="C:/Users/Admin/Documents/Visual Studio 2010/Projects/OjoPodo/mppl/OjopodoTestProject/bin/Debug/OjopodoTestProject.DLL" adapterTypeName="Microsoft.VisualStudio.TestTools.TestTypes.Unit.UnitTestAdapter, Microsoft.VisualStudio.QualityTools.Tips.UnitTest.Adapter, Version=10.0.0.0, Culture=neutral, PublicKeyToken=b03f5f7f11d50a3a" className="OjopodoTestProject.FormTambahTest, OjopodoTestProject, Version=1.0.0.0, Culture=neutral, PublicKeyToken=null" name="FormTambahConstructorTest" />
      <AspNet webSiteUrl="http://localhost:1904/">
        <Host pathToWebApp="C:\Users\Admin\Documents\Visual Studio 2010\Projects\OjoPodo\mppl\mppl" webAppRoot="/" />
      </AspNet>
    </UnitTest>
    <UnitTest name="Page_LoadTest" storage="c:\users\admin\documents\visual studio 2010\projects\ojopodo\mppl\ojopodotestproject\bin\debug\ojopodotestproject.dll" id="ef735321-e8ca-c197-a69c-cbbcac1ad724">
      <DeploymentItems>
        <DeploymentItem filename="mppl.dll" />
      </DeploymentItems>
      <Execution id="8e1ab4d5-5fd6-4745-aa57-f1936e107fbf" />
      <TestMethod codeBase="C:/Users/Admin/Documents/Visual Studio 2010/Projects/OjoPodo/mppl/OjopodoTestProject/bin/Debug/OjopodoTestProject.DLL" adapterTypeName="Microsoft.VisualStudio.TestTools.TestTypes.Unit.UnitTestAdapter, Microsoft.VisualStudio.QualityTools.Tips.UnitTest.Adapter, Version=10.0.0.0, Culture=neutral, PublicKeyToken=b03f5f7f11d50a3a" className="OjopodoTestProject.AboutTest, OjopodoTestProject, Version=1.0.0.0, Culture=neutral, PublicKeyToken=null" name="Page_LoadTest" />
      <AspNet webSiteUrl="http://localhost:1904/">
        <Host pathToWebApp="C:\Users\Admin\Documents\Visual Studio 2010\Projects\OjoPodo\mppl\mppl" webAppRoot="/" />
      </AspNet>
    </UnitTest>
    <UnitTest name="OpenTest" storage="c:\users\admin\documents\visual studio 2010\projects\ojopodo\mppl\ojopodotestproject\bin\debug\ojopodotestproject.dll" id="ef6c8606-cfba-9915-b5b2-5226c9cf9e4c">
      <Execution id="db37e430-ac01-4f04-bbdd-e4c507743e06" />
      <TestMethod codeBase="C:/Users/Admin/Documents/Visual Studio 2010/Projects/OjoPodo/mppl/OjopodoTestProject/bin/Debug/OjopodoTestProject.DLL" adapterTypeName="Microsoft.VisualStudio.TestTools.TestTypes.Unit.UnitTestAdapter, Microsoft.VisualStudio.QualityTools.Tips.UnitTest.Adapter, Version=10.0.0.0, Culture=neutral, PublicKeyToken=b03f5f7f11d50a3a" className="OjopodoTestProject.DocumentsTest, OjopodoTestProject, Version=1.0.0.0, Culture=neutral, PublicKeyToken=null" name="OpenTest" />
      <AspNet webSiteUrl="http://localhost:1904/">
        <Host pathToWebApp="C:\Users\Admin\Documents\Visual Studio 2010\Projects\OjoPodo\mppl\mppl" webAppRoot="/" />
      </AspNet>
    </UnitTest>
    <UnitTest name="SiteMasterConstructorTest2" storage="c:\users\admin\documents\visual studio 2010\projects\ojopodo\mppl\ojopodotestproject\bin\debug\ojopodotestproject.dll" id="5deb9f7c-5c2c-5ae9-8cb9-a9140e695c54">
      <Execution id="66195933-4dd8-4c73-9b39-50d19e622519" />
      <TestMethod codeBase="C:/Users/Admin/Documents/Visual Studio 2010/Projects/OjoPodo/mppl/OjopodoTestProject/bin/Debug/OjopodoTestProject.DLL" adapterTypeName="Microsoft.VisualStudio.TestTools.TestTypes.Unit.UnitTestAdapter, Microsoft.VisualStudio.QualityTools.Tips.UnitTest.Adapter, Version=10.0.0.0, Culture=neutral, PublicKeyToken=b03f5f7f11d50a3a" className="OjopodoTestProject.SiteMasterTest, OjopodoTestProject, Version=1.0.0.0, Culture=neutral, PublicKeyToken=null" name="SiteMasterConstructorTest2" />
      <AspNet webSiteUrl="http://localhost:1904/">
        <Host pathToWebApp="C:\Users\Admin\Documents\Visual Studio 2010\Projects\OjoPodo\mppl\mppl" webAppRoot="/" />
      </AspNet>
    </UnitTest>
    <UnitTest name="RegisterConstructorTest" storage="c:\users\admin\documents\visual studio 2010\projects\ojopodo\mppl\ojopodotestproject\bin\debug\ojopodotestproject.dll" id="a4433993-2487-547b-d585-2365a7f7daed">
      <Execution id="309daf5b-4265-40ff-b124-c2f0d6a9dab7" />
      <TestMethod codeBase="C:/Users/Admin/Documents/Visual Studio 2010/Projects/OjoPodo/mppl/OjopodoTestProject/bin/Debug/OjopodoTestProject.DLL" adapterTypeName="Microsoft.VisualStudio.TestTools.TestTypes.Unit.UnitTestAdapter, Microsoft.VisualStudio.QualityTools.Tips.UnitTest.Adapter, Version=10.0.0.0, Culture=neutral, PublicKeyToken=b03f5f7f11d50a3a" className="OjopodoTestProject.RegisterTest, OjopodoTestProject, Version=1.0.0.0, Culture=neutral, PublicKeyToken=null" name="RegisterConstructorTest" />
      <AspNet webSiteUrl="http://localhost:1904/">
        <Host pathToWebApp="C:\Users\Admin\Documents\Visual Studio 2010\Projects\OjoPodo\mppl\mppl" webAppRoot="/" />
      </AspNet>
    </UnitTest>
    <UnitTest name="ContentTest" storage="c:\users\admin\documents\visual studio 2010\projects\ojopodo\mppl\ojopodotestproject\bin\debug\ojopodotestproject.dll" id="c9d757f6-1a08-f7b4-98e9-65d3146b0498">
      <Execution id="3f458411-83cf-4515-994d-41da2688b866" />
      <TestMethod codeBase="C:/Users/Admin/Documents/Visual Studio 2010/Projects/OjoPodo/mppl/OjopodoTestProject/bin/Debug/OjopodoTestProject.DLL" adapterTypeName="Microsoft.VisualStudio.TestTools.TestTypes.Unit.UnitTestAdapter, Microsoft.VisualStudio.QualityTools.Tips.UnitTest.Adapter, Version=10.0.0.0, Culture=neutral, PublicKeyToken=b03f5f7f11d50a3a" className="OjopodoTestProject._DocumentTest, OjopodoTestProject, Version=1.0.0.0, Culture=neutral, PublicKeyToken=null" name="ContentTest" />
      <AspNet webSiteUrl="http://localhost:1904/">
        <Host pathToWebApp="C:\Users\Admin\Documents\Visual Studio 2010\Projects\OjoPodo\mppl\mppl" webAppRoot="/" />
      </AspNet>
    </UnitTest>
    <UnitTest name="FormDokumenConstructorTest" storage="c:\users\admin\documents\visual studio 2010\projects\ojopodo\mppl\ojopodotestproject\bin\debug\ojopodotestproject.dll" id="1f20f062-a6d2-2673-5b32-9716fcfd97a3">
      <Execution id="e8fa1b19-ff77-4c48-b8f3-6337aa2d427c" />
      <TestMethod codeBase="C:/Users/Admin/Documents/Visual Studio 2010/Projects/OjoPodo/mppl/OjopodoTestProject/bin/Debug/OjopodoTestProject.DLL" adapterTypeName="Microsoft.VisualStudio.TestTools.TestTypes.Unit.UnitTestAdapter, Microsoft.VisualStudio.QualityTools.Tips.UnitTest.Adapter, Version=10.0.0.0, Culture=neutral, PublicKeyToken=b03f5f7f11d50a3a" className="OjopodoTestProject.FormDokumenTest, OjopodoTestProject, Version=1.0.0.0, Culture=neutral, PublicKeyToken=null" name="FormDokumenConstructorTest" />
      <AspNet webSiteUrl="http://localhost:1904/">
        <Host pathToWebApp="C:\Users\Admin\Documents\Visual Studio 2010\Projects\OjoPodo\mppl\mppl" webAppRoot="/" />
      </AspNet>
    </UnitTest>
    <UnitTest name="AboutConstructorTest1" storage="c:\users\admin\documents\visual studio 2010\projects\ojopodo\mppl\ojopodotestproject\bin\debug\ojopodotestproject.dll" id="9fd6ddcc-dce1-9122-28d8-991e28340a1f">
      <Execution id="31c57836-2ebf-474e-9344-0f42575a701c" />
      <TestMethod codeBase="C:/Users/Admin/Documents/Visual Studio 2010/Projects/OjoPodo/mppl/OjopodoTestProject/bin/Debug/OjopodoTestProject.DLL" adapterTypeName="Microsoft.VisualStudio.TestTools.TestTypes.Unit.UnitTestAdapter, Microsoft.VisualStudio.QualityTools.Tips.UnitTest.Adapter, Version=10.0.0.0, Culture=neutral, PublicKeyToken=b03f5f7f11d50a3a" className="OjopodoTestProject.AboutTest, OjopodoTestProject, Version=1.0.0.0, Culture=neutral, PublicKeyToken=null" name="AboutConstructorTest1" />
      <AspNet webSiteUrl="http://localhost:1904/">
        <Host pathToWebApp="C:\Users\Admin\Documents\Visual Studio 2010\Projects\OjoPodo\mppl\mppl" webAppRoot="/" />
      </AspNet>
    </UnitTest>
    <UnitTest name="uploadTest" storage="c:\users\admin\documents\visual studio 2010\projects\ojopodo\mppl\ojopodotestproject\bin\debug\ojopodotestproject.dll" id="03e6391d-8e94-0978-2d94-fb5f513b97bc">
      <Execution id="4e01280a-ff4c-412e-bc93-5aca1e904154" />
      <TestMethod codeBase="C:/Users/Admin/Documents/Visual Studio 2010/Projects/OjoPodo/mppl/OjopodoTestProject/bin/Debug/OjopodoTestProject.DLL" adapterTypeName="Microsoft.VisualStudio.TestTools.TestTypes.Unit.UnitTestAdapter, Microsoft.VisualStudio.QualityTools.Tips.UnitTest.Adapter, Version=10.0.0.0, Culture=neutral, PublicKeyToken=b03f5f7f11d50a3a" className="OjopodoTestProject.ControlCekTest, OjopodoTestProject, Version=1.0.0.0, Culture=neutral, PublicKeyToken=null" name="uploadTest" />
      <AspNet webSiteUrl="http://localhost:1904/">
        <Host pathToWebApp="C:\Users\Admin\Documents\Visual Studio 2010\Projects\OjoPodo\mppl\mppl" webAppRoot="/" />
      </AspNet>
    </UnitTest>
    <UnitTest name="Page_LoadTest1" storage="c:\users\admin\documents\visual studio 2010\projects\ojopodo\mppl\ojopodotestproject\bin\debug\ojopodotestproject.dll" id="26b83414-d9ca-8fd0-9185-f8c357e7dc1b">
      <DeploymentItems>
        <DeploymentItem filename="mppl.dll" />
      </DeploymentItems>
      <Execution id="aab63635-13ee-4379-8ac0-9370aa9ff2a0" />
      <TestMethod codeBase="C:/Users/Admin/Documents/Visual Studio 2010/Projects/OjoPodo/mppl/OjopodoTestProject/bin/Debug/OjopodoTestProject.DLL" adapterTypeName="Microsoft.VisualStudio.TestTools.TestTypes.Unit.UnitTestAdapter, Microsoft.VisualStudio.QualityTools.Tips.UnitTest.Adapter, Version=10.0.0.0, Culture=neutral, PublicKeyToken=b03f5f7f11d50a3a" className="OjopodoTestProject.RegisterTest, OjopodoTestProject, Version=1.0.0.0, Culture=neutral, PublicKeyToken=null" name="Page_LoadTest1" />
      <AspNet webSiteUrl="http://localhost:1904/">
        <Host pathToWebApp="C:\Users\Admin\Documents\Visual Studio 2010\Projects\OjoPodo\mppl\mppl" webAppRoot="/" />
      </AspNet>
    </UnitTest>
    <UnitTest name="ContentTest1" storage="c:\users\admin\documents\visual studio 2010\projects\ojopodo\mppl\ojopodotestproject\bin\debug\ojopodotestproject.dll" id="ca3aa9db-0cba-fcd0-10f5-747dd263a49e">
      <Execution id="6b6174ee-758f-4ad0-95c7-1009fd5b908c" />
      <TestMethod codeBase="C:/Users/Admin/Documents/Visual Studio 2010/Projects/OjoPodo/mppl/OjopodoTestProject/bin/Debug/OjopodoTestProject.DLL" adapterTypeName="Microsoft.VisualStudio.TestTools.TestTypes.Unit.UnitTestAdapter, Microsoft.VisualStudio.QualityTools.Tips.UnitTest.Adapter, Version=10.0.0.0, Culture=neutral, PublicKeyToken=b03f5f7f11d50a3a" className="OjopodoTestProject._DocumentTest, OjopodoTestProject, Version=1.0.0.0, Culture=neutral, PublicKeyToken=null" name="ContentTest1" />
      <AspNet webSiteUrl="http://localhost:1904/">
        <Host pathToWebApp="C:\Users\Admin\Documents\Visual Studio 2010\Projects\OjoPodo\mppl\mppl" webAppRoot="/" />
      </AspNet>
    </UnitTest>
    <UnitTest name="url_dokumenTest" storage="c:\users\admin\documents\visual studio 2010\projects\ojopodo\mppl\ojopodotestproject\bin\debug\ojopodotestproject.dll" id="27ec534b-fcdb-3c7a-ccc1-4d1c8483001f">
      <Execution id="8a233eaf-dcb2-4483-ac2a-3610668e512a" />
      <TestMethod codeBase="C:/Users/Admin/Documents/Visual Studio 2010/Projects/OjoPodo/mppl/OjopodoTestProject/bin/Debug/OjopodoTestProject.DLL" adapterTypeName="Microsoft.VisualStudio.TestTools.TestTypes.Unit.UnitTestAdapter, Microsoft.VisualStudio.QualityTools.Tips.UnitTest.Adapter, Version=10.0.0.0, Culture=neutral, PublicKeyToken=b03f5f7f11d50a3a" className="OjopodoTestProject.dokumenTest, OjopodoTestProject, Version=1.0.0.0, Culture=neutral, PublicKeyToken=null" name="url_dokumenTest" />
      <AspNet webSiteUrl="http://localhost:1904/">
        <Host pathToWebApp="C:\Users\Admin\Documents\Visual Studio 2010\Projects\OjoPodo\mppl\mppl" webAppRoot="/" />
      </AspNet>
    </UnitTest>
    <UnitTest name="CreatedokumenTest2" storage="c:\users\admin\documents\visual studio 2010\projects\ojopodo\mppl\ojopodotestproject\bin\debug\ojopodotestproject.dll" id="b445ccbf-7184-5834-78c5-9f29529a2bad">
      <Execution id="50da8a93-6a4d-4dbe-a356-a2b339fc4aef" />
      <TestMethod codeBase="C:/Users/Admin/Documents/Visual Studio 2010/Projects/OjoPodo/mppl/OjopodoTestProject/bin/Debug/OjopodoTestProject.DLL" adapterTypeName="Microsoft.VisualStudio.TestTools.TestTypes.Unit.UnitTestAdapter, Microsoft.VisualStudio.QualityTools.Tips.UnitTest.Adapter, Version=10.0.0.0, Culture=neutral, PublicKeyToken=b03f5f7f11d50a3a" className="OjopodoTestProject.dokumenTest, OjopodoTestProject, Version=1.0.0.0, Culture=neutral, PublicKeyToken=null" name="CreatedokumenTest2" />
      <AspNet webSiteUrl="http://localhost:1904/">
        <Host pathToWebApp="C:\Users\Admin\Documents\Visual Studio 2010\Projects\OjoPodo\mppl\mppl" webAppRoot="/" />
      </AspNet>
    </UnitTest>
    <UnitTest name="alamat_fingerprintTest2" storage="c:\users\admin\documents\visual studio 2010\projects\ojopodo\mppl\ojopodotestproject\bin\debug\ojopodotestproject.dll" id="eda3f7d0-9cf3-b7b6-b353-79d614de4234">
      <Execution id="e5f7ce5f-4540-4804-962f-74d11481ca4d" />
      <TestMethod codeBase="C:/Users/Admin/Documents/Visual Studio 2010/Projects/OjoPodo/mppl/OjopodoTestProject/bin/Debug/OjopodoTestProject.DLL" adapterTypeName="Microsoft.VisualStudio.TestTools.TestTypes.Unit.UnitTestAdapter, Microsoft.VisualStudio.QualityTools.Tips.UnitTest.Adapter, Version=10.0.0.0, Culture=neutral, PublicKeyToken=b03f5f7f11d50a3a" className="OjopodoTestProject.dokumenTest, OjopodoTestProject, Version=1.0.0.0, Culture=neutral, PublicKeyToken=null" name="alamat_fingerprintTest2" />
      <AspNet webSiteUrl="http://localhost:1904/">
        <Host pathToWebApp="C:\Users\Admin\Documents\Visual Studio 2010\Projects\OjoPodo\mppl\mppl" webAppRoot="/" />
      </AspNet>
    </UnitTest>
    <UnitTest name="katasandiTest2" storage="c:\users\admin\documents\visual studio 2010\projects\ojopodo\mppl\ojopodotestproject\bin\debug\ojopodotestproject.dll" id="738cbf73-1fe1-7e5d-b3c4-aa4dd501f31a">
      <Execution id="6c5b7217-7b61-4f9c-8da6-494edd81b7d1" />
      <TestMethod codeBase="C:/Users/Admin/Documents/Visual Studio 2010/Projects/OjoPodo/mppl/OjopodoTestProject/bin/Debug/OjopodoTestProject.DLL" adapterTypeName="Microsoft.VisualStudio.TestTools.TestTypes.Unit.UnitTestAdapter, Microsoft.VisualStudio.QualityTools.Tips.UnitTest.Adapter, Version=10.0.0.0, Culture=neutral, PublicKeyToken=b03f5f7f11d50a3a" className="OjopodoTestProject.userTest, OjopodoTestProject, Version=1.0.0.0, Culture=neutral, PublicKeyToken=null" name="katasandiTest2" />
      <AspNet webSiteUrl="http://localhost:1904/">
        <Host pathToWebApp="C:\Users\Admin\Documents\Visual Studio 2010\Projects\OjoPodo\mppl\mppl" webAppRoot="/" />
      </AspNet>
    </UnitTest>
    <UnitTest name="formCekUIConstructorTest1" storage="c:\users\admin\documents\visual studio 2010\projects\ojopodo\mppl\ojopodotestproject\bin\debug\ojopodotestproject.dll" id="cb69e223-7c7d-2c88-27e6-5393a64d62ef">
      <Execution id="4efb2996-935f-4369-9124-bdfc1c542ed9" />
      <TestMethod codeBase="C:/Users/Admin/Documents/Visual Studio 2010/Projects/OjoPodo/mppl/OjopodoTestProject/bin/Debug/OjopodoTestProject.DLL" adapterTypeName="Microsoft.VisualStudio.TestTools.TestTypes.Unit.UnitTestAdapter, Microsoft.VisualStudio.QualityTools.Tips.UnitTest.Adapter, Version=10.0.0.0, Culture=neutral, PublicKeyToken=b03f5f7f11d50a3a" className="OjopodoTestProject.formCekUITest, OjopodoTestProject, Version=1.0.0.0, Culture=neutral, PublicKeyToken=null" name="formCekUIConstructorTest1" />
      <AspNet webSiteUrl="http://localhost:1904/">
        <Host pathToWebApp="C:\Users\Admin\Documents\Visual Studio 2010\Projects\OjoPodo\mppl\mppl" webAppRoot="/" />
      </AspNet>
    </UnitTest>
    <UnitTest name="Page_LoadTest" storage="c:\users\admin\documents\visual studio 2010\projects\ojopodo\mppl\ojopodotestproject\bin\debug\ojopodotestproject.dll" id="f3be4e00-7dc4-f436-3a48-2f20ddf9fa9f">
      <DeploymentItems>
        <DeploymentItem filename="mppl.dll" />
      </DeploymentItems>
      <Execution id="87b635e0-5e8a-48b3-9a6c-8df70e04fcab" />
      <TestMethod codeBase="C:/Users/Admin/Documents/Visual Studio 2010/Projects/OjoPodo/mppl/OjopodoTestProject/bin/Debug/OjopodoTestProject.DLL" adapterTypeName="Microsoft.VisualStudio.TestTools.TestTypes.Unit.UnitTestAdapter, Microsoft.VisualStudio.QualityTools.Tips.UnitTest.Adapter, Version=10.0.0.0, Culture=neutral, PublicKeyToken=b03f5f7f11d50a3a" className="OjopodoTestProject.FormDokumenTest, OjopodoTestProject, Version=1.0.0.0, Culture=neutral, PublicKeyToken=null" name="Page_LoadTest" />
      <AspNet webSiteUrl="http://localhost:1904/">
        <Host pathToWebApp="C:\Users\Admin\Documents\Visual Studio 2010\Projects\OjoPodo\mppl\mppl" webAppRoot="/" />
      </AspNet>
    </UnitTest>
    <UnitTest name="ControlCekConstructorTest1" storage="c:\users\admin\documents\visual studio 2010\projects\ojopodo\mppl\ojopodotestproject\bin\debug\ojopodotestproject.dll" id="58b5f6af-ee3b-0101-403f-8c761b6c47c6">
      <Execution id="591c5dd9-0fae-42f2-ba83-aee0a561e559" />
      <TestMethod codeBase="C:/Users/Admin/Documents/Visual Studio 2010/Projects/OjoPodo/mppl/OjopodoTestProject/bin/Debug/OjopodoTestProject.DLL" adapterTypeName="Microsoft.VisualStudio.TestTools.TestTypes.Unit.UnitTestAdapter, Microsoft.VisualStudio.QualityTools.Tips.UnitTest.Adapter, Version=10.0.0.0, Culture=neutral, PublicKeyToken=b03f5f7f11d50a3a" className="OjopodoTestProject.ControlCekTest, OjopodoTestProject, Version=1.0.0.0, Culture=neutral, PublicKeyToken=null" name="ControlCekConstructorTest1" />
      <AspNet webSiteUrl="http://localhost:1904/">
        <Host pathToWebApp="C:\Users\Admin\Documents\Visual Studio 2010\Projects\OjoPodo\mppl\mppl" webAppRoot="/" />
      </AspNet>
    </UnitTest>
    <UnitTest name="ApplicationTest2" storage="c:\users\admin\documents\visual studio 2010\projects\ojopodo\mppl\ojopodotestproject\bin\debug\ojopodotestproject.dll" id="f224e4bc-374e-e0b2-2174-2223c27b2629">
      <Execution id="4bd7191e-2396-492e-9f2f-9eaf4883123a" />
      <TestMethod codeBase="C:/Users/Admin/Documents/Visual Studio 2010/Projects/OjoPodo/mppl/OjopodoTestProject/bin/Debug/OjopodoTestProject.DLL" adapterTypeName="Microsoft.VisualStudio.TestTools.TestTypes.Unit.UnitTestAdapter, Microsoft.VisualStudio.QualityTools.Tips.UnitTest.Adapter, Version=10.0.0.0, Culture=neutral, PublicKeyToken=b03f5f7f11d50a3a" className="OjopodoTestProject._ApplicationTest, OjopodoTestProject, Version=1.0.0.0, Culture=neutral, PublicKeyToken=null" name="ApplicationTest2" />
      <AspNet webSiteUrl="http://localhost:1904/">
        <Host pathToWebApp="C:\Users\Admin\Documents\Visual Studio 2010\Projects\OjoPodo\mppl\mppl" webAppRoot="/" />
      </AspNet>
    </UnitTest>
    <UnitTest name="pengarangTest2" storage="c:\users\admin\documents\visual studio 2010\projects\ojopodo\mppl\ojopodotestproject\bin\debug\ojopodotestproject.dll" id="ef8bbac0-7fe7-3eb8-4487-a2848a640ab4">
      <Execution id="5bbcba5b-f3c5-4cf6-b21b-5dfeaad41d05" />
      <TestMethod codeBase="C:/Users/Admin/Documents/Visual Studio 2010/Projects/OjoPodo/mppl/OjopodoTestProject/bin/Debug/OjopodoTestProject.DLL" adapterTypeName="Microsoft.VisualStudio.TestTools.TestTypes.Unit.UnitTestAdapter, Microsoft.VisualStudio.QualityTools.Tips.UnitTest.Adapter, Version=10.0.0.0, Culture=neutral, PublicKeyToken=b03f5f7f11d50a3a" className="OjopodoTestProject.dokumenTest, OjopodoTestProject, Version=1.0.0.0, Culture=neutral, PublicKeyToken=null" name="pengarangTest2" />
      <AspNet webSiteUrl="http://localhost:1904/">
        <Host pathToWebApp="C:\Users\Admin\Documents\Visual Studio 2010\Projects\OjoPodo\mppl\mppl" webAppRoot="/" />
      </AspNet>
    </UnitTest>
    <UnitTest name="WinnowingConstructorTest" storage="c:\users\admin\documents\visual studio 2010\projects\ojopodo\mppl\ojopodotestproject\bin\debug\ojopodotestproject.dll" id="ac64bbc8-aeb0-2b58-1325-61a2768c0e83">
      <Execution id="e26e2796-8b44-47cb-b32d-d4d2511abdaf" />
      <TestMethod codeBase="C:/Users/Admin/Documents/Visual Studio 2010/Projects/OjoPodo/mppl/OjopodoTestProject/bin/Debug/OjopodoTestProject.DLL" adapterTypeName="Microsoft.VisualStudio.TestTools.TestTypes.Unit.UnitTestAdapter, Microsoft.VisualStudio.QualityTools.Tips.UnitTest.Adapter, Version=10.0.0.0, Culture=neutral, PublicKeyToken=b03f5f7f11d50a3a" className="OjopodoTestProject.WinnowingTest, OjopodoTestProject, Version=1.0.0.0, Culture=neutral, PublicKeyToken=null" name="WinnowingConstructorTest" />
      <AspNet webSiteUrl="http://localhost:1904/">
        <Host pathToWebApp="C:\Users\Admin\Documents\Visual Studio 2010\Projects\OjoPodo\mppl\mppl" webAppRoot="/" />
      </AspNet>
    </UnitTest>
    <UnitTest name="ContentTest2" storage="c:\users\admin\documents\visual studio 2010\projects\ojopodo\mppl\ojopodotestproject\bin\debug\ojopodotestproject.dll" id="2dc6ae02-a4bb-239f-0994-592d791b9742">
      <Execution id="9b333dca-a96c-4d45-b38a-717efd30fb99" />
      <TestMethod codeBase="C:/Users/Admin/Documents/Visual Studio 2010/Projects/OjoPodo/mppl/OjopodoTestProject/bin/Debug/OjopodoTestProject.DLL" adapterTypeName="Microsoft.VisualStudio.TestTools.TestTypes.Unit.UnitTestAdapter, Microsoft.VisualStudio.QualityTools.Tips.UnitTest.Adapter, Version=10.0.0.0, Culture=neutral, PublicKeyToken=b03f5f7f11d50a3a" className="OjopodoTestProject._DocumentTest, OjopodoTestProject, Version=1.0.0.0, Culture=neutral, PublicKeyToken=null" name="ContentTest2" />
      <AspNet webSiteUrl="http://localhost:1904/">
        <Host pathToWebApp="C:\Users\Admin\Documents\Visual Studio 2010\Projects\OjoPodo\mppl\mppl" webAppRoot="/" />
      </AspNet>
    </UnitTest>
    <UnitTest name="cekTest1" storage="c:\users\admin\documents\visual studio 2010\projects\ojopodo\mppl\ojopodotestproject\bin\debug\ojopodotestproject.dll" id="8a96e5bc-a94b-24be-9a2d-ef2133d39e83">
      <Execution id="c6bade08-59c5-4f98-95ad-525c23a79eff" />
      <TestMethod codeBase="C:/Users/Admin/Documents/Visual Studio 2010/Projects/OjoPodo/mppl/OjopodoTestProject/bin/Debug/OjopodoTestProject.DLL" adapterTypeName="Microsoft.VisualStudio.TestTools.TestTypes.Unit.UnitTestAdapter, Microsoft.VisualStudio.QualityTools.Tips.UnitTest.Adapter, Version=10.0.0.0, Culture=neutral, PublicKeyToken=b03f5f7f11d50a3a" className="OjopodoTestProject.ControlCekTest, OjopodoTestProject, Version=1.0.0.0, Culture=neutral, PublicKeyToken=null" name="cekTest1" />
      <AspNet webSiteUrl="http://localhost:1904/">
        <Host pathToWebApp="C:\Users\Admin\Documents\Visual Studio 2010\Projects\OjoPodo\mppl\mppl" webAppRoot="/" />
      </AspNet>
    </UnitTest>
    <UnitTest name="ApplicationTest1" storage="c:\users\admin\documents\visual studio 2010\projects\ojopodo\mppl\ojopodotestproject\bin\debug\ojopodotestproject.dll" id="7273a285-324a-d6db-db0d-ed890d703a7f">
      <Execution id="9fa3d437-6127-473c-8860-f6321419338e" />
      <TestMethod codeBase="C:/Users/Admin/Documents/Visual Studio 2010/Projects/OjoPodo/mppl/OjopodoTestProject/bin/Debug/OjopodoTestProject.DLL" adapterTypeName="Microsoft.VisualStudio.TestTools.TestTypes.Unit.UnitTestAdapter, Microsoft.VisualStudio.QualityTools.Tips.UnitTest.Adapter, Version=10.0.0.0, Culture=neutral, PublicKeyToken=b03f5f7f11d50a3a" className="OjopodoTestProject._ApplicationTest, OjopodoTestProject, Version=1.0.0.0, Culture=neutral, PublicKeyToken=null" name="ApplicationTest1" />
      <AspNet webSiteUrl="http://localhost:1904/">
        <Host pathToWebApp="C:\Users\Admin\Documents\Visual Studio 2010\Projects\OjoPodo\mppl\mppl" webAppRoot="/" />
      </AspNet>
    </UnitTest>
    <UnitTest name="cekTest2" storage="c:\users\admin\documents\visual studio 2010\projects\ojopodo\mppl\ojopodotestproject\bin\debug\ojopodotestproject.dll" id="7c9ab0e5-c4cd-674a-ce89-8121d9ef4247">
      <Execution id="b0ad17fa-1672-4b3d-9be1-606c2167b881" />
      <TestMethod codeBase="C:/Users/Admin/Documents/Visual Studio 2010/Projects/OjoPodo/mppl/OjopodoTestProject/bin/Debug/OjopodoTestProject.DLL" adapterTypeName="Microsoft.VisualStudio.TestTools.TestTypes.Unit.UnitTestAdapter, Microsoft.VisualStudio.QualityTools.Tips.UnitTest.Adapter, Version=10.0.0.0, Culture=neutral, PublicKeyToken=b03f5f7f11d50a3a" className="OjopodoTestProject.ControlCekTest, OjopodoTestProject, Version=1.0.0.0, Culture=neutral, PublicKeyToken=null" name="cekTest2" />
      <AspNet webSiteUrl="http://localhost:1904/">
        <Host pathToWebApp="C:\Users\Admin\Documents\Visual Studio 2010\Projects\OjoPodo\mppl\mppl" webAppRoot="/" />
      </AspNet>
    </UnitTest>
    <UnitTest name="btn_mulai_ClickTest1" storage="c:\users\admin\documents\visual studio 2010\projects\ojopodo\mppl\ojopodotestproject\bin\debug\ojopodotestproject.dll" id="98613ab8-3831-19a4-9233-6799fbdfe76d">
      <DeploymentItems>
        <DeploymentItem filename="mppl.dll" />
      </DeploymentItems>
      <Execution id="a97deb68-3a69-4e23-bf73-4f8f86bd76da" />
      <TestMethod codeBase="C:/Users/Admin/Documents/Visual Studio 2010/Projects/OjoPodo/mppl/OjopodoTestProject/bin/Debug/OjopodoTestProject.DLL" adapterTypeName="Microsoft.VisualStudio.TestTools.TestTypes.Unit.UnitTestAdapter, Microsoft.VisualStudio.QualityTools.Tips.UnitTest.Adapter, Version=10.0.0.0, Culture=neutral, PublicKeyToken=b03f5f7f11d50a3a" className="OjopodoTestProject._DefaultTest, OjopodoTestProject, Version=1.0.0.0, Culture=neutral, PublicKeyToken=null" name="btn_mulai_ClickTest1" />
      <AspNet webSiteUrl="http://localhost:1904/">
        <Host pathToWebApp="C:\Users\Admin\Documents\Visual Studio 2010\Projects\OjoPodo\mppl\mppl" webAppRoot="/" />
      </AspNet>
    </UnitTest>
    <UnitTest name="grv_hasil_SelectedIndexChangedTest" storage="c:\users\admin\documents\visual studio 2010\projects\ojopodo\mppl\ojopodotestproject\bin\debug\ojopodotestproject.dll" id="65592419-f6ff-494c-da67-eb32078e50e6">
      <DeploymentItems>
        <DeploymentItem filename="mppl.dll" />
      </DeploymentItems>
      <Execution id="2a57b543-3d35-4c6e-8589-49298885f4a1" />
      <TestMethod codeBase="C:/Users/Admin/Documents/Visual Studio 2010/Projects/OjoPodo/mppl/OjopodoTestProject/bin/Debug/OjopodoTestProject.DLL" adapterTypeName="Microsoft.VisualStudio.TestTools.TestTypes.Unit.UnitTestAdapter, Microsoft.VisualStudio.QualityTools.Tips.UnitTest.Adapter, Version=10.0.0.0, Culture=neutral, PublicKeyToken=b03f5f7f11d50a3a" className="OjopodoTestProject.HasilCekDokumenUITest, OjopodoTestProject, Version=1.0.0.0, Culture=neutral, PublicKeyToken=null" name="grv_hasil_SelectedIndexChangedTest" />
      <AspNet webSiteUrl="http://localhost:1904/">
        <Host pathToWebApp="C:\Users\Admin\Documents\Visual Studio 2010\Projects\OjoPodo\mppl\mppl" webAppRoot="/" />
      </AspNet>
    </UnitTest>
    <UnitTest name="SiteMasterConstructorTest1" storage="c:\users\admin\documents\visual studio 2010\projects\ojopodo\mppl\ojopodotestproject\bin\debug\ojopodotestproject.dll" id="d860fcba-a828-179e-6fdb-c102d08d2cc5">
      <Execution id="9de3af52-b2ce-4bc9-9836-7bca44762531" />
      <TestMethod codeBase="C:/Users/Admin/Documents/Visual Studio 2010/Projects/OjoPodo/mppl/OjopodoTestProject/bin/Debug/OjopodoTestProject.DLL" adapterTypeName="Microsoft.VisualStudio.TestTools.TestTypes.Unit.UnitTestAdapter, Microsoft.VisualStudio.QualityTools.Tips.UnitTest.Adapter, Version=10.0.0.0, Culture=neutral, PublicKeyToken=b03f5f7f11d50a3a" className="OjopodoTestProject.SiteMasterTest, OjopodoTestProject, Version=1.0.0.0, Culture=neutral, PublicKeyToken=null" name="SiteMasterConstructorTest1" />
      <AspNet webSiteUrl="http://localhost:1904/">
        <Host pathToWebApp="C:\Users\Admin\Documents\Visual Studio 2010\Projects\OjoPodo\mppl\mppl" webAppRoot="/" />
      </AspNet>
    </UnitTest>
    <UnitTest name="FormDokumenConstructorTest1" storage="c:\users\admin\documents\visual studio 2010\projects\ojopodo\mppl\ojopodotestproject\bin\debug\ojopodotestproject.dll" id="92f916e5-bab0-f438-aa57-1a4b31ecac32">
      <Execution id="f4f7e4f7-5d37-4603-91a3-70747f61abb6" />
      <TestMethod codeBase="C:/Users/Admin/Documents/Visual Studio 2010/Projects/OjoPodo/mppl/OjopodoTestProject/bin/Debug/OjopodoTestProject.DLL" adapterTypeName="Microsoft.VisualStudio.TestTools.TestTypes.Unit.UnitTestAdapter, Microsoft.VisualStudio.QualityTools.Tips.UnitTest.Adapter, Version=10.0.0.0, Culture=neutral, PublicKeyToken=b03f5f7f11d50a3a" className="OjopodoTestProject.FormDokumenTest, OjopodoTestProject, Version=1.0.0.0, Culture=neutral, PublicKeyToken=null" name="FormDokumenConstructorTest1" />
      <AspNet webSiteUrl="http://localhost:1904/">
        <Host pathToWebApp="C:\Users\Admin\Documents\Visual Studio 2010\Projects\OjoPodo\mppl\mppl" webAppRoot="/" />
      </AspNet>
    </UnitTest>
    <UnitTest name="ChangePasswordSuccessConstructorTest" storage="c:\users\admin\documents\visual studio 2010\projects\ojopodo\mppl\ojopodotestproject\bin\debug\ojopodotestproject.dll" id="62a3aea6-1f36-6c98-3ca9-fa64876b70bc">
      <Execution id="2edbb808-7428-464e-bb7e-b7758d1538d9" />
      <TestMethod codeBase="C:/Users/Admin/Documents/Visual Studio 2010/Projects/OjoPodo/mppl/OjopodoTestProject/bin/Debug/OjopodoTestProject.DLL" adapterTypeName="Microsoft.VisualStudio.TestTools.TestTypes.Unit.UnitTestAdapter, Microsoft.VisualStudio.QualityTools.Tips.UnitTest.Adapter, Version=10.0.0.0, Culture=neutral, PublicKeyToken=b03f5f7f11d50a3a" className="OjopodoTestProject.ChangePasswordSuccessTest, OjopodoTestProject, Version=1.0.0.0, Culture=neutral, PublicKeyToken=null" name="ChangePasswordSuccessConstructorTest" />
      <AspNet webSiteUrl="http://localhost:1904/">
        <Host pathToWebApp="C:\Users\Admin\Documents\Visual Studio 2010\Projects\OjoPodo\mppl\mppl" webAppRoot="/" />
      </AspNet>
    </UnitTest>
    <UnitTest name="GlobalConstructorTest" storage="c:\users\admin\documents\visual studio 2010\projects\ojopodo\mppl\ojopodotestproject\bin\debug\ojopodotestproject.dll" id="30d73bd4-135f-a5c0-bfb3-ac0311736df9">
      <Execution id="7ca90f5b-423b-4a1d-bb3e-0cc4cbbcf941" />
      <TestMethod codeBase="C:/Users/Admin/Documents/Visual Studio 2010/Projects/OjoPodo/mppl/OjopodoTestProject/bin/Debug/OjopodoTestProject.DLL" adapterTypeName="Microsoft.VisualStudio.TestTools.TestTypes.Unit.UnitTestAdapter, Microsoft.VisualStudio.QualityTools.Tips.UnitTest.Adapter, Version=10.0.0.0, Culture=neutral, PublicKeyToken=b03f5f7f11d50a3a" className="OjopodoTestProject.GlobalTest, OjopodoTestProject, Version=1.0.0.0, Culture=neutral, PublicKeyToken=null" name="GlobalConstructorTest" />
      <AspNet webSiteUrl="http://localhost:1904/">
        <Host pathToWebApp="C:\Users\Admin\Documents\Visual Studio 2010\Projects\OjoPodo\mppl\mppl" webAppRoot="/" />
      </AspNet>
    </UnitTest>
    <UnitTest name="teksTest2" storage="c:\users\admin\documents\visual studio 2010\projects\ojopodo\mppl\ojopodotestproject\bin\debug\ojopodotestproject.dll" id="d266be2d-869b-4518-6f37-7e588951bbea">
      <DeploymentItems>
        <DeploymentItem filename="mppl.dll" />
      </DeploymentItems>
      <Execution id="deae564e-eb7c-4ed3-b51e-db621527066c" />
      <TestMethod codeBase="C:/Users/Admin/Documents/Visual Studio 2010/Projects/OjoPodo/mppl/OjopodoTestProject/bin/Debug/OjopodoTestProject.DLL" adapterTypeName="Microsoft.VisualStudio.TestTools.TestTypes.Unit.UnitTestAdapter, Microsoft.VisualStudio.QualityTools.Tips.UnitTest.Adapter, Version=10.0.0.0, Culture=neutral, PublicKeyToken=b03f5f7f11d50a3a" className="OjopodoTestProject.formCekUITest, OjopodoTestProject, Version=1.0.0.0, Culture=neutral, PublicKeyToken=null" name="teksTest2" />
      <AspNet webSiteUrl="http://localhost:1904/">
        <Host pathToWebApp="C:\Users\Admin\Documents\Visual Studio 2010\Projects\OjoPodo\mppl\mppl" webAppRoot="/" />
      </AspNet>
    </UnitTest>
    <UnitTest name="ojopodoEntitiesConstructorTest" storage="c:\users\admin\documents\visual studio 2010\projects\ojopodo\mppl\ojopodotestproject\bin\debug\ojopodotestproject.dll" id="4c00c937-c4a3-6970-1a15-288505c42cca">
      <Execution id="79468343-037e-4274-a024-0c7c0f9cb409" />
      <TestMethod codeBase="C:/Users/Admin/Documents/Visual Studio 2010/Projects/OjoPodo/mppl/OjopodoTestProject/bin/Debug/OjopodoTestProject.DLL" adapterTypeName="Microsoft.VisualStudio.TestTools.TestTypes.Unit.UnitTestAdapter, Microsoft.VisualStudio.QualityTools.Tips.UnitTest.Adapter, Version=10.0.0.0, Culture=neutral, PublicKeyToken=b03f5f7f11d50a3a" className="OjopodoTestProject.ojopodoEntitiesTest, OjopodoTestProject, Version=1.0.0.0, Culture=neutral, PublicKeyToken=null" name="ojopodoEntitiesConstructorTest" />
      <AspNet webSiteUrl="http://localhost:1904/">
        <Host pathToWebApp="C:\Users\Admin\Documents\Visual Studio 2010\Projects\OjoPodo\mppl\mppl" webAppRoot="/" />
      </AspNet>
    </UnitTest>
    <UnitTest name="url_dokumenTest1" storage="c:\users\admin\documents\visual studio 2010\projects\ojopodo\mppl\ojopodotestproject\bin\debug\ojopodotestproject.dll" id="10757538-72a2-e650-c3a8-0346bd21c399">
      <Execution id="b733176f-ad9a-49c7-a772-484cdaae1807" />
      <TestMethod codeBase="C:/Users/Admin/Documents/Visual Studio 2010/Projects/OjoPodo/mppl/OjopodoTestProject/bin/Debug/OjopodoTestProject.DLL" adapterTypeName="Microsoft.VisualStudio.TestTools.TestTypes.Unit.UnitTestAdapter, Microsoft.VisualStudio.QualityTools.Tips.UnitTest.Adapter, Version=10.0.0.0, Culture=neutral, PublicKeyToken=b03f5f7f11d50a3a" className="OjopodoTestProject.dokumenTest, OjopodoTestProject, Version=1.0.0.0, Culture=neutral, PublicKeyToken=null" name="url_dokumenTest1" />
      <AspNet webSiteUrl="http://localhost:1904/">
        <Host pathToWebApp="C:\Users\Admin\Documents\Visual Studio 2010\Projects\OjoPodo\mppl\mppl" webAppRoot="/" />
      </AspNet>
    </UnitTest>
    <UnitTest name="_DefaultConstructorTest" storage="c:\users\admin\documents\visual studio 2010\projects\ojopodo\mppl\ojopodotestproject\bin\debug\ojopodotestproject.dll" id="59b3b4b7-770d-ca68-8ff3-dc9f615160fb">
      <Execution id="dc16fb77-6731-4cd9-866e-42e212c97276" />
      <TestMethod codeBase="C:/Users/Admin/Documents/Visual Studio 2010/Projects/OjoPodo/mppl/OjopodoTestProject/bin/Debug/OjopodoTestProject.DLL" adapterTypeName="Microsoft.VisualStudio.TestTools.TestTypes.Unit.UnitTestAdapter, Microsoft.VisualStudio.QualityTools.Tips.UnitTest.Adapter, Version=10.0.0.0, Culture=neutral, PublicKeyToken=b03f5f7f11d50a3a" className="OjopodoTestProject._DefaultTest, OjopodoTestProject, Version=1.0.0.0, Culture=neutral, PublicKeyToken=null" name="_DefaultConstructorTest" />
      <AspNet webSiteUrl="http://localhost:1904/">
        <Host pathToWebApp="C:\Users\Admin\Documents\Visual Studio 2010\Projects\OjoPodo\mppl\mppl" webAppRoot="/" />
      </AspNet>
    </UnitTest>
    <UnitTest name="DocumentsTest2" storage="c:\users\admin\documents\visual studio 2010\projects\ojopodo\mppl\ojopodotestproject\bin\debug\ojopodotestproject.dll" id="d2454569-8d45-367e-a633-6cb9b55ecd61">
      <Execution id="26057eb1-9736-4bba-8d9c-0dd00aed15cc" />
      <TestMethod codeBase="C:/Users/Admin/Documents/Visual Studio 2010/Projects/OjoPodo/mppl/OjopodoTestProject/bin/Debug/OjopodoTestProject.DLL" adapterTypeName="Microsoft.VisualStudio.TestTools.TestTypes.Unit.UnitTestAdapter, Microsoft.VisualStudio.QualityTools.Tips.UnitTest.Adapter, Version=10.0.0.0, Culture=neutral, PublicKeyToken=b03f5f7f11d50a3a" className="OjopodoTestProject._ApplicationTest, OjopodoTestProject, Version=1.0.0.0, Culture=neutral, PublicKeyToken=null" name="DocumentsTest2" />
      <AspNet webSiteUrl="http://localhost:1904/">
        <Host pathToWebApp="C:\Users\Admin\Documents\Visual Studio 2010\Projects\OjoPodo\mppl\mppl" webAppRoot="/" />
      </AspNet>
    </UnitTest>
    <UnitTest name="id_dokumenTest2" storage="c:\users\admin\documents\visual studio 2010\projects\ojopodo\mppl\ojopodotestproject\bin\debug\ojopodotestproject.dll" id="bcd3df11-cb04-a593-0096-1b426ac9737f">
      <Execution id="5da9f721-d358-4ca5-8ab3-7753d48e454b" />
[...]
      <Output>
        <ErrorInfo>
          <Message>The web.config file for the site http://localhost:1904/ contains information from a previous run.  Replacing it with the backup file (web.config.backup) should fix the issue.</Message>
        </ErrorInfo>
      </Output>
    </UnitTestResult>
    <UnitTestResult executionId="ae935123-21e5-4892-afb5-9fc2d8a0afa8" testId="307e7801-f7cb-4520-3fc5-ad970cec9664" testName="Application_ErrorTest" computerName="ALRAZI" startTime="2012-06-10T15:59:48.9233177+07:00" endTime="2012-06-10T15:59:48.9693177+07:00" testType="13cdc9d9-ddb5-4fa4-a97d-d965ccfc6d4b" outcome="Failed" testListId="8c84fa94-04c1-424b-9868-57a2d4851a1d" relativeResultsDirectory="ae935123-21e5-4892-afb5-9fc2d8a0afa8">
      <Output>
        <ErrorInfo>
          <Message>The web.config file for the site http://localhost:1904/ contains information from a previous run.  Replacing it with the backup file (web.config.backup) should fix the issue.</Message>
        </ErrorInfo>
      </Output>
    </UnitTestResult>
    <UnitTestResult executionId="b21436c5-14a8-44b0-b75d-7998493caefd" testId="e1540a37-f1dd-ca20-5e3b-102798ebc5d7" testName="Application_StartTest" computerName="ALRAZI" startTime="2012-06-10T15:59:48.9763177+07:00" endTime="2012-06-10T15:59:49.0123177+07:00" testType="13cdc9d9-ddb5-4fa4-a97d-d965ccfc6d4b" outcome="Failed" testListId="8c84fa94-04c1-424b-9868-57a2d4851a1d" relativeResultsDirectory="b21436c5-14a8-44b0-b75d-7998493caefd">
      <Output>
        <ErrorInfo>
          <Message>The web.config file for the site http://localhost:1904/ contains information from a previous run.  Replacing it with the backup file (web.config.backup) should fix the issue.</Message>
        </ErrorInfo>
      </Output>
    </UnitTestResult>
    <UnitTestResult executionId="00a02dfb-5018-4eae-b7e6-a5bd931c1480" testId="530f76cd-2bf8-89d2-187b-0eaec20d2d9b" testName="Session_EndTest" computerName="ALRAZI" startTime="2012-06-10T15:59:49.0213177+07:00" endTime="2012-06-10T15:59:49.0523177+07:00" testType="13cdc9d9-ddb5-4fa4-a97d-d965ccfc6d4b" outcome="Failed" testListId="8c84fa94-04c1-424b-9868-57a2d4851a1d" relativeResultsDirectory="00a02dfb-5018-4eae-b7e6-a5bd931c1480">
      <Output>
        <ErrorInfo>
          <Message>The web.config file for the site http://localhost:1904/ contains information from a previous run.  Replacing it with the backup file (web.config.backup) should fix the issue.</Message>
        </ErrorInfo>
      </Output>
    </UnitTestResult>
    <UnitTestResult executionId="6ee84b89-a723-4cc5-bda6-ed1ec7190511" testId="b538844e-b03a-cc6e-e97b-c8b7fffc9c2a" testName="Session_StartTest" computerName="ALRAZI" startTime="2012-06-10T15:59:49.0603177+07:00" endTime="2012-06-10T15:59:49.0913177+07:00" testType="13cdc9d9-ddb5-4fa4-a97d-d965ccfc6d4b" outcome="Failed" testListId="8c84fa94-04c1-424b-9868-57a2d4851a1d" relativeResultsDirectory="6ee84b89-a723-4cc5-bda6-ed1ec7190511">
      <Output>
        <ErrorInfo>
          <Message>The web.config file for the site http://localhost:1904/ contains information from a previous run.  Replacing it with the backup file (web.config.backup) should fix the issue.</Message>
        </ErrorInfo>
      </Output>
    </UnitTestResult>
    <UnitTestResult executionId="dc3cfcd8-db3a-4c86-b129-d31ea65e8d8e" testId="4098347f-2de2-abbe-1f31-4d142f11500d" testName="HasilCekDokumenUIConstructorTest" computerName="ALRAZI" startTime="2012-06-10T15:59:49.1003177+07:00" endTime="2012-06-10T15:59:49.1303177+07:00" testType="13cdc9d9-ddb5-4fa4-a97d-d965ccfc6d4b" outcome="Failed" testListId="8c84fa94-04c1-424b-9868-57a2d4851a1d" relativeResultsDirectory="dc3cfcd8-db3a-4c86-b129-d31ea65e8d8e">
      <Output>
        <ErrorInfo>
          <Message>The web.config file for the site http://localhost:1904/ contains information from a previous run.  Replacing it with the backup file (web.config.backup) should fix the issue.</Message>
        </ErrorInfo>
      </Output>
    </UnitTestResult>
    <UnitTestResult executionId="7f0e8b93-ff57-458f-b030-da1675d7a5c4" testId="8e873a5d-9ef0-f58b-6bbc-65e7dd23c2e5" testName="Page_LoadTest" computerName="ALRAZI" startTime="2012-06-10T15:59:49.1383177+07:00" endTime="2012-06-10T15:59:49.1703177+07:00" testType="13cdc9d9-ddb5-4fa4-a97d-d965ccfc6d4b" outcome="Failed" testListId="8c84fa94-04c1-424b-9868-57a2d4851a1d" relativeResultsDirectory="7f0e8b93-ff57-458f-b030-da1675d7a5c4">
      <Output>
        <ErrorInfo>
          <Message>The web.config file for the site http://localhost:1904/ contains information from a previous run.  Replacing it with the backup file (web.config.backup) should fix the issue.</Message>
        </ErrorInfo>
      </Output>
    </UnitTestResult>
    <UnitTestResult executionId="2a57b543-3d35-4c6e-8589-49298885f4a1" testId="65592419-f6ff-494c-da67-eb32078e50e6" testName="grv_hasil_SelectedIndexChangedTest" computerName="ALRAZI" startTime="2012-06-10T15:59:49.1793177+07:00" endTime="2012-06-10T15:59:49.2123177+07:00" testType="13cdc9d9-ddb5-4fa4-a97d-d965ccfc6d4b" outcome="Failed" testListId="8c84fa94-04c1-424b-9868-57a2d4851a1d" relativeResultsDirectory="2a57b543-3d35-4c6e-8589-49298885f4a1">
      <Output>
        <ErrorInfo>
          <Message>The web.config file for the site http://localhost:1904/ contains information from a previous run.  Replacing it with the backup file (web.config.backup) should fix the issue.</Message>
        </ErrorInfo>
      </Output>
    </UnitTestResult>
    <UnitTestResult executionId="9d66b00a-783e-4024-aa61-580dfb27792a" testId="f4ab2284-0796-b3b4-6586-043a1f5db87c" testName="LoginConstructorTest" computerName="ALRAZI" startTime="2012-06-10T15:59:49.2203177+07:00" endTime="2012-06-10T15:59:49.2503177+07:00" testType="13cdc9d9-ddb5-4fa4-a97d-d965ccfc6d4b" outcome="Failed" testListId="8c84fa94-04c1-424b-9868-57a2d4851a1d" relativeResultsDirectory="9d66b00a-783e-4024-aa61-580dfb27792a">
      <Output>
        <ErrorInfo>
          <Message>The web.config file for the site http://localhost:1904/ contains information from a previous run.  Replacing it with the backup file (web.config.backup) should fix the issue.</Message>
        </ErrorInfo>
      </Output>
    </UnitTestResult>
    <UnitTestResult executionId="8efcc1b6-c2ba-42e8-9de2-67a678872e5c" testId="9a3de24e-2eff-76ae-d300-8685d9bcb047" testName="Page_LoadTest" computerName="ALRAZI" startTime="2012-06-10T15:59:49.2593177+07:00" endTime="2012-06-10T15:59:49.2913177+07:00" testType="13cdc9d9-ddb5-4fa4-a97d-d965ccfc6d4b" outcome="Failed" testListId="8c84fa94-04c1-424b-9868-57a2d4851a1d" relativeResultsDirectory="8efcc1b6-c2ba-42e8-9de2-67a678872e5c">
      <Output>
        <ErrorInfo>
          <Message>The web.config file for the site http://localhost:1904/ contains information from a previous run.  Replacing it with the backup file (web.config.backup) should fix the issue.</Message>
        </ErrorInfo>
      </Output>
    </UnitTestResult>
    <UnitTestResult executionId="e26e2796-8b44-47cb-b32d-d4d2511abdaf" testId="ac64bbc8-aeb0-2b58-1325-61a2768c0e83" testName="WinnowingConstructorTest" computerName="ALRAZI" startTime="2012-06-10T15:59:49.2973177+07:00" endTime="2012-06-10T15:59:49.3313177+07:00" testType="13cdc9d9-ddb5-4fa4-a97d-d965ccfc6d4b" outcome="Failed" testListId="8c84fa94-04c1-424b-9868-57a2d4851a1d" relativeResultsDirectory="e26e2796-8b44-47cb-b32d-d4d2511abdaf">
      <Output>
        <ErrorInfo>
          <Message>The web.config file for the site http://localhost:1904/ contains information from a previous run.  Replacing it with the backup file (web.config.backup) should fix the issue.</Message>
        </ErrorInfo>
      </Output>
    </UnitTestResult>
    <UnitTestResult executionId="dee8eb00-4647-4509-8313-a03586eb96fd" testId="cd9b4269-87bc-2cfc-dda4-07e3115de432" testName="getFingerprintTest" computerName="ALRAZI" startTime="2012-06-10T15:59:49.3393177+07:00" endTime="2012-06-10T15:59:49.3693177+07:00" testType="13cdc9d9-ddb5-4fa4-a97d-d965ccfc6d4b" outcome="Failed" testListId="8c84fa94-04c1-424b-9868-57a2d4851a1d" relativeResultsDirectory="dee8eb00-4647-4509-8313-a03586eb96fd">
      <Output>
        <ErrorInfo>
          <Message>The web.config file for the site http://localhost:1904/ contains information from a previous run.  Replacing it with the backup file (web.config.backup) should fix the issue.</Message>
        </ErrorInfo>
      </Output>
    </UnitTestResult>
    <UnitTestResult executionId="48623acc-2b19-4271-846e-53306091975f" testId="951a0291-5cc7-e805-4853-6d463241a4af" testName="primeRollingHashTest" computerName="ALRAZI" startTime="2012-06-10T15:59:49.3763177+07:00" endTime="2012-06-10T15:59:49.4063177+07:00" testType="13cdc9d9-ddb5-4fa4-a97d-d965ccfc6d4b" outcome="Failed" testListId="8c84fa94-04c1-424b-9868-57a2d4851a1d" relativeResultsDirectory="48623acc-2b19-4271-846e-53306091975f">
      <Output>
        <ErrorInfo>
          <Message>The web.config file for the site http://localhost:1904/ contains information from a previous run.  Replacing it with the backup file (web.config.backup) should fix the issue.</Message>
        </ErrorInfo>
      </Output>
    </UnitTestResult>
    <UnitTestResult executionId="c24b2af0-9a68-4cf3-909d-327a73fac69c" testId="a5238c7e-8a95-cb5a-b528-67036ccdafb9" testName="rollHashRightTest" computerName="ALRAZI" startTime="2012-06-10T15:59:49.4143177+07:00" endTime="2012-06-10T15:59:49.4463177+07:00" testType="13cdc9d9-ddb5-4fa4-a97d-d965ccfc6d4b" outcome="Failed" testListId="8c84fa94-04c1-424b-9868-57a2d4851a1d" relativeResultsDirectory="c24b2af0-9a68-4cf3-909d-327a73fac69c">
      <Output>
        <ErrorInfo>
          <Message>The web.config file for the site http://localhost:1904/ contains information from a previous run.  Replacing it with the backup file (web.config.backup) should fix the issue.</Message>
        </ErrorInfo>
      </Output>
    </UnitTestResult>
    <UnitTestResult executionId="b298f3d2-66ea-4727-9033-e9bf5b100771" testId="b0781a75-7e96-38e5-9284-4f3ab910ae3a" testName="setHashTest" computerName="ALRAZI" startTime="2012-06-10T15:59:49.4543177+07:00" endTime="2012-06-10T15:59:49.5133177+07:00" testType="13cdc9d9-ddb5-4fa4-a97d-d965ccfc6d4b" outcome="Failed" testListId="8c84fa94-04c1-424b-9868-57a2d4851a1d" relativeResultsDirectory="b298f3d2-66ea-4727-9033-e9bf5b100771">
      <Output>
        <ErrorInfo>
          <Message>The web.config file for the site http://localhost:1904/ contains information from a previous run.  Replacing it with the backup file (web.config.backup) should fix the issue.</Message>
        </ErrorInfo>
      </Output>
    </UnitTestResult>
    <UnitTestResult executionId="c57d5c6a-369c-4855-b3c3-eb50c4b8bdc4" testId="aaab4fa5-7ee6-f159-164b-f39f062960fb" testName="ModelDokumenConstructorTest" computerName="ALRAZI" startTime="2012-06-10T15:59:49.5253177+07:00" endTime="2012-06-10T15:59:49.5813177+07:00" testType="13cdc9d9-ddb5-4fa4-a97d-d965ccfc6d4b" outcome="Failed" testListId="8c84fa94-04c1-424b-9868-57a2d4851a1d" relativeResultsDirectory="c57d5c6a-369c-4855-b3c3-eb50c4b8bdc4">
      <Output>
        <ErrorInfo>
          <Message>The web.config file for the site http://localhost:1904/ contains information from a previous run.  Replacing it with the backup file (web.config.backup) should fix the issue.</Message>
        </ErrorInfo>
      </Output>
    </UnitTestResult>
    <UnitTestResult executionId="4a185eba-e83b-4072-8da5-519265ac7ba9" testId="d1cb4db1-3a91-adff-6a20-2d75edb804b4" testName="getTest" computerName="ALRAZI" startTime="2012-06-10T15:59:49.6083177+07:00" endTime="2012-06-10T15:59:49.6393177+07:00" testType="13cdc9d9-ddb5-4fa4-a97d-d965ccfc6d4b" outcome="Failed" testListId="8c84fa94-04c1-424b-9868-57a2d4851a1d" relativeResultsDirectory="4a185eba-e83b-4072-8da5-519265ac7ba9">
      <Output>
        <ErrorInfo>
          <Message>The web.config file for the site http://localhost:1904/ contains information from a previous run.  Replacing it with the backup file (web.config.backup) should fix the issue.</Message>
        </ErrorInfo>
      </Output>
    </UnitTestResult>
    <UnitTestResult executionId="e4654698-ff31-434d-8db4-a15545a86658" testId="33cccedd-e014-d783-3bd6-6e4b6cee0049" testName="getByIdTest" computerName="ALRAZI" startTime="2012-06-10T15:59:49.6483177+07:00" endTime="2012-06-10T15:59:49.6793177+07:00" testType="13cdc9d9-ddb5-4fa4-a97d-d965ccfc6d4b" outcome="Failed" testListId="8c84fa94-04c1-424b-9868-57a2d4851a1d" relativeResultsDirectory="e4654698-ff31-434d-8db4-a15545a86658">
      <Output>
        <ErrorInfo>
          <Message>The web.config file for the site http://localhost:1904/ contains information from a previous run.  Replacing it with the backup file (web.config.backup) should fix the issue.</Message>
        </ErrorInfo>
      </Output>
    </UnitTestResult>
    <UnitTestResult executionId="18ecd53a-ec07-41a1-80a2-74b4299f9a60" testId="1555dcc8-b260-0bb8-da07-7f7a06c8463e" testName="insertTest" computerName="ALRAZI" startTime="2012-06-10T15:59:49.6863177+07:00" endTime="2012-06-10T15:59:49.7163177+07:00" testType="13cdc9d9-ddb5-4fa4-a97d-d965ccfc6d4b" outcome="Failed" testListId="8c84fa94-04c1-424b-9868-57a2d4851a1d" relativeResultsDirectory="18ecd53a-ec07-41a1-80a2-74b4299f9a60">
      <Output>
        <ErrorInfo>
          <Message>The web.config file for the site http://localhost:1904/ contains information from a previous run.  Replacing it with the backup file (web.config.backup) should fix the issue.</Message>
        </ErrorInfo>
      </Output>
    </UnitTestResult>
    <UnitTestResult executionId="cd14c779-21a7-4619-a393-f903ae484e73" testId="2c8e497d-02c8-389d-f52d-fc389538bc8c" testName="updateTest" computerName="ALRAZI" startTime="2012-06-10T15:59:49.7243177+07:00" endTime="2012-06-10T15:59:49.7583177+07:00" testType="13cdc9d9-ddb5-4fa4-a97d-d965ccfc6d4b" outcome="Failed" testListId="8c84fa94-04c1-424b-9868-57a2d4851a1d" relativeResultsDirectory="cd14c779-21a7-4619-a393-f903ae484e73">
      <Output>
        <ErrorInfo>
          <Message>The web.config file for the site http://localhost:1904/ contains information from a previous run.  Replacing it with the backup file (web.config.backup) should fix the issue.</Message>
        </ErrorInfo>
      </Output>
    </UnitTestResult>
    <UnitTestResult executionId="79468343-037e-4274-a024-0c7c0f9cb409" testId="4c00c937-c4a3-6970-1a15-288505c42cca" testName="ojopodoEntitiesConstructorTest" computerName="ALRAZI" startTime="2012-06-10T15:59:49.7663177+07:00" endTime="2012-06-10T15:59:49.8043177+07:00" testType="13cdc9d9-ddb5-4fa4-a97d-d965ccfc6d4b" outcome="Failed" testListId="8c84fa94-04c1-424b-9868-57a2d4851a1d" relativeResultsDirectory="79468343-037e-4274-a024-0c7c0f9cb409">
      <Output>
        <ErrorInfo>
          <Message>The web.config file for the site http://localhost:1904/ contains information from a previous run.  Replacing it with the backup file (web.config.backup) should fix the issue.</Message>
        </ErrorInfo>
      </Output>
    </UnitTestResult>
    <UnitTestResult executionId="d63e7f50-a53a-4a80-8aab-5a61ac292053" testId="1b5391a6-2df0-6eb6-26ed-386e5ecb977d" testName="ojopodoEntitiesConstructorTest1" computerName="ALRAZI" startTime="2012-06-10T15:59:49.8113177+07:00" endTime="2012-06-10T15:59:49.8403177+07:00" testType="13cdc9d9-ddb5-4fa4-a97d-d965ccfc6d4b" outcome="Failed" testListId="8c84fa94-04c1-424b-9868-57a2d4851a1d" relativeResultsDirectory="d63e7f50-a53a-4a80-8aab-5a61ac292053">
      <Output>
        <ErrorInfo>
          <Message>The web.config file for the site http://localhost:1904/ contains information from a previous run.  Replacing it with the backup file (web.config.backup) should fix the issue.</Message>
        </ErrorInfo>
      </Output>
    </UnitTestResult>
    <UnitTestResult executionId="20bd5684-e5ea-4d97-93a7-d47e909adc0f" testId="80e4d96f-1b6c-16ac-d10d-00c8bd22a6c9" testName="ojopodoEntitiesConstructorTest2" computerName="ALRAZI" startTime="2012-06-10T15:59:49.8483177+07:00" endTime="2012-06-10T15:59:49.8783177+07:00" testType="13cdc9d9-ddb5-4fa4-a97d-d965ccfc6d4b" outcome="Failed" testListId="8c84fa94-04c1-424b-9868-57a2d4851a1d" relativeResultsDirectory="20bd5684-e5ea-4d97-93a7-d47e909adc0f">
      <Output>
        <ErrorInfo>
          <Message>The web.config file for the site http://localhost:1904/ contains information from a previous run.  Replacing it with the backup file (web.config.backup) should fix the issue.</Message>
        </ErrorInfo>
      </Output>
    </UnitTestResult>
    <UnitTestResult executionId="7890921f-2889-42d6-8828-e0ebc2a73d62" testId="0fe921bf-a9bd-c902-fc66-96af7cc617d8" testName="AddTodokumenTest" computerName="ALRAZI" startTime="2012-06-10T15:59:49.8873177+07:00" endTime="2012-06-10T15:59:49.9193177+07:00" testType="13cdc9d9-ddb5-4fa4-a97d-d965ccfc6d4b" outcome="Failed" testListId="8c84fa94-04c1-424b-9868-57a2d4851a1d" relativeResultsDirectory="7890921f-2889-42d6-8828-e0ebc2a73d62">
      <Output>
        <ErrorInfo>
          <Message>The web.config file for the site http://localhost:1904/ contains information from a previous run.  Replacing it with the backup file (web.config.backup) should fix the issue.</Message>
        </ErrorInfo>
      </Output>
    </UnitTestResult>
    <UnitTestResult executionId="443809c1-acba-4b90-97a0-1eb616aa519c" testId="e22ef012-b1c7-dc7f-5a34-afcc3752b48b" testName="AddTouserTest" computerName="ALRAZI" startTime="2012-06-10T15:59:49.9283177+07:00" endTime="2012-06-10T15:59:49.9663177+07:00" testType="13cdc9d9-ddb5-4fa4-a97d-d965ccfc6d4b" outcome="Failed" testListId="8c84fa94-04c1-424b-9868-57a2d4851a1d" relativeResultsDirectory="443809c1-acba-4b90-97a0-1eb616aa519c">
      <Output>
        <ErrorInfo>
          <Message>The web.config file for the site http://localhost:1904/ contains information from a previous run.  Replacing it with the backup file (web.config.backup) should fix the issue.</Message>
        </ErrorInfo>
      </Output>
    </UnitTestResult>
    <UnitTestResult executionId="d5e9e57f-ab52-409a-b3bf-0645784d07d8" testId="ed1a279c-f71e-b268-001d-b878afe901ac" testName="dokumenTest" computerName="ALRAZI" startTime="2012-06-10T15:59:49.9893177+07:00" endTime="2012-06-10T15:59:50.0533177+07:00" testType="13cdc9d9-ddb5-4fa4-a97d-d965ccfc6d4b" outcome="Failed" testListId="8c84fa94-04c1-424b-9868-57a2d4851a1d" relativeResultsDirectory="d5e9e57f-ab52-409a-b3bf-0645784d07d8">
      <Output>
        <ErrorInfo>
          <Message>The web.config file for the site http://localhost:1904/ contains information from a previous run.  Replacing it with the backup file (web.config.backup) should fix the issue.</Message>
        </ErrorInfo>
      </Output>
    </UnitTestResult>
    <UnitTestResult executionId="97f5cf02-4693-4a42-9d19-fd2afae50623" testId="4424f846-c6ae-a792-7d4f-d87d4f574411" testName="userTest" computerName="ALRAZI" startTime="2012-06-10T15:59:50.0633177+07:00" endTime="2012-06-10T15:59:50.1173177+07:00" testType="13cdc9d9-ddb5-4fa4-a97d-d965ccfc6d4b" outcome="Failed" testListId="8c84fa94-04c1-424b-9868-57a2d4851a1d" relativeResultsDirectory="97f5cf02-4693-4a42-9d19-fd2afae50623">
      <Output>
        <ErrorInfo>
          <Message>The web.config file for the site http://localhost:1904/ contains information from a previous run.  Replacing it with the backup file (web.config.backup) should fix the issue.</Message>
        </ErrorInfo>
      </Output>
    </UnitTestResult>
  </Results>
</TestRun>